2024-04-18 21:52:37,392 [Worker-5: Loading available Gradle versions] INFO  o.e.b.c.i.u.g.PublishedGradleVersions - Gradle version information cache is out-of-date. Trying to update.
2024-04-18 22:18:49,224 [Worker-36: Launching mavenrun-6d05c51a-635f-4905-a92b-97a1b017fac1] INFO  o.eclipse.m2e.core.internal.Bundles - getClasspathEntries(Bundle=org.eclipse.m2e.maven.runtime_3.9.500.20231113-2345 [626])
2024-04-18 22:18:49,233 [Worker-36: Launching mavenrun-6d05c51a-635f-4905-a92b-97a1b017fac1] INFO  o.eclipse.m2e.core.internal.Bundles - 	Entry: C:\Users\phant\.p2\pool\plugins\org.eclipse.m2e.maven.runtime_3.9.500.20231113-2345
2024-04-18 22:18:49,234 [Worker-36: Launching mavenrun-6d05c51a-635f-4905-a92b-97a1b017fac1] INFO  o.eclipse.m2e.core.internal.Bundles - 	Entry: C:\Users\phant\.p2\pool\plugins\org.eclipse.m2e.maven.runtime_3.9.500.20231113-2345\jars\aopalliance-1.0.jar
2024-04-18 22:18:49,234 [Worker-36: Launching mavenrun-6d05c51a-635f-4905-a92b-97a1b017fac1] INFO  o.eclipse.m2e.core.internal.Bundles - 	Entry: C:\Users\phant\.p2\pool\plugins\org.eclipse.m2e.maven.runtime_3.9.500.20231113-2345\jars\guice-5.1.0.jar
2024-04-18 22:18:49,235 [Worker-36: Launching mavenrun-6d05c51a-635f-4905-a92b-97a1b017fac1] INFO  o.eclipse.m2e.core.internal.Bundles - 	Entry: C:\Users\phant\.p2\pool\plugins\org.eclipse.m2e.maven.runtime_3.9.500.20231113-2345\jars\httpclient-4.5.14.jar
2024-04-18 22:18:49,235 [Worker-36: Launching mavenrun-6d05c51a-635f-4905-a92b-97a1b017fac1] INFO  o.eclipse.m2e.core.internal.Bundles - 	Entry: C:\Users\phant\.p2\pool\plugins\org.eclipse.m2e.maven.runtime_3.9.500.20231113-2345\jars\httpcore-4.4.16.jar
2024-04-18 22:18:49,235 [Worker-36: Launching mavenrun-6d05c51a-635f-4905-a92b-97a1b017fac1] INFO  o.eclipse.m2e.core.internal.Bundles - 	Entry: C:\Users\phant\.p2\pool\plugins\org.eclipse.m2e.maven.runtime_3.9.500.20231113-2345\jars\jansi-2.4.0.jar
2024-04-18 22:18:49,235 [Worker-36: Launching mavenrun-6d05c51a-635f-4905-a92b-97a1b017fac1] INFO  o.eclipse.m2e.core.internal.Bundles - 	Entry: C:\Users\phant\.p2\pool\plugins\org.eclipse.m2e.maven.runtime_3.9.500.20231113-2345\jars\jcl-over-slf4j-1.7.36.jar
2024-04-18 22:18:49,235 [Worker-36: Launching mavenrun-6d05c51a-635f-4905-a92b-97a1b017fac1] INFO  o.eclipse.m2e.core.internal.Bundles - 	Entry: C:\Users\phant\.p2\pool\plugins\org.eclipse.m2e.maven.runtime_3.9.500.20231113-2345\jars\maven-artifact-3.9.5.jar
2024-04-18 22:18:49,235 [Worker-36: Launching mavenrun-6d05c51a-635f-4905-a92b-97a1b017fac1] INFO  o.eclipse.m2e.core.internal.Bundles - 	Entry: C:\Users\phant\.p2\pool\plugins\org.eclipse.m2e.maven.runtime_3.9.500.20231113-2345\jars\maven-builder-support-3.9.5.jar
2024-04-18 22:18:49,235 [Worker-36: Launching mavenrun-6d05c51a-635f-4905-a92b-97a1b017fac1] INFO  o.eclipse.m2e.core.internal.Bundles - 	Entry: C:\Users\phant\.p2\pool\plugins\org.eclipse.m2e.maven.runtime_3.9.500.20231113-2345\jars\maven-compat-3.9.5.jar
2024-04-18 22:18:49,235 [Worker-36: Launching mavenrun-6d05c51a-635f-4905-a92b-97a1b017fac1] INFO  o.eclipse.m2e.core.internal.Bundles - 	Entry: C:\Users\phant\.p2\pool\plugins\org.eclipse.m2e.maven.runtime_3.9.500.20231113-2345\jars\maven-core-3.9.5.jar
2024-04-18 22:18:49,235 [Worker-36: Launching mavenrun-6d05c51a-635f-4905-a92b-97a1b017fac1] INFO  o.eclipse.m2e.core.internal.Bundles - 	Entry: C:\Users\phant\.p2\pool\plugins\org.eclipse.m2e.maven.runtime_3.9.500.20231113-2345\jars\maven-embedder-3.9.5.jar
2024-04-18 22:18:49,235 [Worker-36: Launching mavenrun-6d05c51a-635f-4905-a92b-97a1b017fac1] INFO  o.eclipse.m2e.core.internal.Bundles - 	Entry: C:\Users\phant\.p2\pool\plugins\org.eclipse.m2e.maven.runtime_3.9.500.20231113-2345\jars\maven-model-3.9.5.jar
2024-04-18 22:18:49,237 [Worker-36: Launching mavenrun-6d05c51a-635f-4905-a92b-97a1b017fac1] INFO  o.eclipse.m2e.core.internal.Bundles - 	Entry: C:\Users\phant\.p2\pool\plugins\org.eclipse.m2e.maven.runtime_3.9.500.20231113-2345\jars\maven-model-builder-3.9.5.jar
2024-04-18 22:18:49,237 [Worker-36: Launching mavenrun-6d05c51a-635f-4905-a92b-97a1b017fac1] INFO  o.eclipse.m2e.core.internal.Bundles - 	Entry: C:\Users\phant\.p2\pool\plugins\org.eclipse.m2e.maven.runtime_3.9.500.20231113-2345\jars\maven-plugin-api-3.9.5.jar
2024-04-18 22:18:49,237 [Worker-36: Launching mavenrun-6d05c51a-635f-4905-a92b-97a1b017fac1] INFO  o.eclipse.m2e.core.internal.Bundles - 	Entry: C:\Users\phant\.p2\pool\plugins\org.eclipse.m2e.maven.runtime_3.9.500.20231113-2345\jars\maven-repository-metadata-3.9.5.jar
2024-04-18 22:18:49,237 [Worker-36: Launching mavenrun-6d05c51a-635f-4905-a92b-97a1b017fac1] INFO  o.eclipse.m2e.core.internal.Bundles - 	Entry: C:\Users\phant\.p2\pool\plugins\org.eclipse.m2e.maven.runtime_3.9.500.20231113-2345\jars\maven-resolver-api-1.9.16.jar
2024-04-18 22:18:49,237 [Worker-36: Launching mavenrun-6d05c51a-635f-4905-a92b-97a1b017fac1] INFO  o.eclipse.m2e.core.internal.Bundles - 	Entry: C:\Users\phant\.p2\pool\plugins\org.eclipse.m2e.maven.runtime_3.9.500.20231113-2345\jars\maven-resolver-connector-basic-1.9.16.jar
2024-04-18 22:18:49,237 [Worker-36: Launching mavenrun-6d05c51a-635f-4905-a92b-97a1b017fac1] INFO  o.eclipse.m2e.core.internal.Bundles - 	Entry: C:\Users\phant\.p2\pool\plugins\org.eclipse.m2e.maven.runtime_3.9.500.20231113-2345\jars\maven-resolver-impl-1.9.16.jar
2024-04-18 22:18:49,237 [Worker-36: Launching mavenrun-6d05c51a-635f-4905-a92b-97a1b017fac1] INFO  o.eclipse.m2e.core.internal.Bundles - 	Entry: C:\Users\phant\.p2\pool\plugins\org.eclipse.m2e.maven.runtime_3.9.500.20231113-2345\jars\maven-resolver-named-locks-1.9.16.jar
2024-04-18 22:18:49,237 [Worker-36: Launching mavenrun-6d05c51a-635f-4905-a92b-97a1b017fac1] INFO  o.eclipse.m2e.core.internal.Bundles - 	Entry: C:\Users\phant\.p2\pool\plugins\org.eclipse.m2e.maven.runtime_3.9.500.20231113-2345\jars\maven-resolver-provider-3.9.5.jar
2024-04-18 22:18:49,237 [Worker-36: Launching mavenrun-6d05c51a-635f-4905-a92b-97a1b017fac1] INFO  o.eclipse.m2e.core.internal.Bundles - 	Entry: C:\Users\phant\.p2\pool\plugins\org.eclipse.m2e.maven.runtime_3.9.500.20231113-2345\jars\maven-resolver-spi-1.9.16.jar
2024-04-18 22:18:49,237 [Worker-36: Launching mavenrun-6d05c51a-635f-4905-a92b-97a1b017fac1] INFO  o.eclipse.m2e.core.internal.Bundles - 	Entry: C:\Users\phant\.p2\pool\plugins\org.eclipse.m2e.maven.runtime_3.9.500.20231113-2345\jars\maven-resolver-transport-file-1.9.16.jar
2024-04-18 22:18:49,237 [Worker-36: Launching mavenrun-6d05c51a-635f-4905-a92b-97a1b017fac1] INFO  o.eclipse.m2e.core.internal.Bundles - 	Entry: C:\Users\phant\.p2\pool\plugins\org.eclipse.m2e.maven.runtime_3.9.500.20231113-2345\jars\maven-resolver-transport-http-1.9.16.jar
2024-04-18 22:18:49,237 [Worker-36: Launching mavenrun-6d05c51a-635f-4905-a92b-97a1b017fac1] INFO  o.eclipse.m2e.core.internal.Bundles - 	Entry: C:\Users\phant\.p2\pool\plugins\org.eclipse.m2e.maven.runtime_3.9.500.20231113-2345\jars\maven-resolver-transport-wagon-1.9.16.jar
2024-04-18 22:18:49,237 [Worker-36: Launching mavenrun-6d05c51a-635f-4905-a92b-97a1b017fac1] INFO  o.eclipse.m2e.core.internal.Bundles - 	Entry: C:\Users\phant\.p2\pool\plugins\org.eclipse.m2e.maven.runtime_3.9.500.20231113-2345\jars\maven-resolver-util-1.9.16.jar
2024-04-18 22:18:49,237 [Worker-36: Launching mavenrun-6d05c51a-635f-4905-a92b-97a1b017fac1] INFO  o.eclipse.m2e.core.internal.Bundles - 	Entry: C:\Users\phant\.p2\pool\plugins\org.eclipse.m2e.maven.runtime_3.9.500.20231113-2345\jars\maven-settings-3.9.5.jar
2024-04-18 22:18:49,237 [Worker-36: Launching mavenrun-6d05c51a-635f-4905-a92b-97a1b017fac1] INFO  o.eclipse.m2e.core.internal.Bundles - 	Entry: C:\Users\phant\.p2\pool\plugins\org.eclipse.m2e.maven.runtime_3.9.500.20231113-2345\jars\maven-settings-builder-3.9.5.jar
2024-04-18 22:18:49,237 [Worker-36: Launching mavenrun-6d05c51a-635f-4905-a92b-97a1b017fac1] INFO  o.eclipse.m2e.core.internal.Bundles - 	Entry: C:\Users\phant\.p2\pool\plugins\org.eclipse.m2e.maven.runtime_3.9.500.20231113-2345\jars\maven-shared-utils-3.3.4.jar
2024-04-18 22:18:49,238 [Worker-36: Launching mavenrun-6d05c51a-635f-4905-a92b-97a1b017fac1] INFO  o.eclipse.m2e.core.internal.Bundles - 	Entry: C:\Users\phant\.p2\pool\plugins\org.eclipse.m2e.maven.runtime_3.9.500.20231113-2345\jars\org.eclipse.sisu.inject-0.3.5.jar
2024-04-18 22:18:49,238 [Worker-36: Launching mavenrun-6d05c51a-635f-4905-a92b-97a1b017fac1] INFO  o.eclipse.m2e.core.internal.Bundles - 	Entry: C:\Users\phant\.p2\pool\plugins\org.eclipse.m2e.maven.runtime_3.9.500.20231113-2345\jars\org.eclipse.sisu.plexus-0.3.5.jar
2024-04-18 22:18:49,238 [Worker-36: Launching mavenrun-6d05c51a-635f-4905-a92b-97a1b017fac1] INFO  o.eclipse.m2e.core.internal.Bundles - 	Entry: C:\Users\phant\.p2\pool\plugins\org.eclipse.m2e.maven.runtime_3.9.500.20231113-2345\jars\plexus-build-api-0.0.7.jar
2024-04-18 22:18:49,238 [Worker-36: Launching mavenrun-6d05c51a-635f-4905-a92b-97a1b017fac1] INFO  o.eclipse.m2e.core.internal.Bundles - 	Entry: C:\Users\phant\.p2\pool\plugins\org.eclipse.m2e.maven.runtime_3.9.500.20231113-2345\jars\plexus-cipher-2.0.jar
2024-04-18 22:18:49,239 [Worker-36: Launching mavenrun-6d05c51a-635f-4905-a92b-97a1b017fac1] INFO  o.eclipse.m2e.core.internal.Bundles - 	Entry: C:\Users\phant\.p2\pool\plugins\org.eclipse.m2e.maven.runtime_3.9.500.20231113-2345\jars\plexus-classworlds-2.7.0.jar
2024-04-18 22:18:49,239 [Worker-36: Launching mavenrun-6d05c51a-635f-4905-a92b-97a1b017fac1] INFO  o.eclipse.m2e.core.internal.Bundles - 	Entry: C:\Users\phant\.p2\pool\plugins\org.eclipse.m2e.maven.runtime_3.9.500.20231113-2345\jars\plexus-component-annotations-2.1.0.jar
2024-04-18 22:18:49,239 [Worker-36: Launching mavenrun-6d05c51a-635f-4905-a92b-97a1b017fac1] INFO  o.eclipse.m2e.core.internal.Bundles - 	Entry: C:\Users\phant\.p2\pool\plugins\org.eclipse.m2e.maven.runtime_3.9.500.20231113-2345\jars\plexus-interpolation-1.26.jar
2024-04-18 22:18:49,239 [Worker-36: Launching mavenrun-6d05c51a-635f-4905-a92b-97a1b017fac1] INFO  o.eclipse.m2e.core.internal.Bundles - 	Entry: C:\Users\phant\.p2\pool\plugins\org.eclipse.m2e.maven.runtime_3.9.500.20231113-2345\jars\plexus-sec-dispatcher-2.0.jar
2024-04-18 22:18:49,240 [Worker-36: Launching mavenrun-6d05c51a-635f-4905-a92b-97a1b017fac1] INFO  o.eclipse.m2e.core.internal.Bundles - 	Entry: C:\Users\phant\.p2\pool\plugins\org.eclipse.m2e.maven.runtime_3.9.500.20231113-2345\jars\plexus-utils-3.5.1.jar
2024-04-18 22:18:49,240 [Worker-36: Launching mavenrun-6d05c51a-635f-4905-a92b-97a1b017fac1] INFO  o.eclipse.m2e.core.internal.Bundles - 	Entry: C:\Users\phant\.p2\pool\plugins\org.eclipse.m2e.maven.runtime_3.9.500.20231113-2345\jars\wagon-file-3.5.3.jar
2024-04-18 22:18:49,240 [Worker-36: Launching mavenrun-6d05c51a-635f-4905-a92b-97a1b017fac1] INFO  o.eclipse.m2e.core.internal.Bundles - 	Entry: C:\Users\phant\.p2\pool\plugins\org.eclipse.m2e.maven.runtime_3.9.500.20231113-2345\jars\wagon-http-3.5.3.jar
2024-04-18 22:18:49,241 [Worker-36: Launching mavenrun-6d05c51a-635f-4905-a92b-97a1b017fac1] INFO  o.eclipse.m2e.core.internal.Bundles - 	Entry: C:\Users\phant\.p2\pool\plugins\org.eclipse.m2e.maven.runtime_3.9.500.20231113-2345\jars\wagon-http-shared-3.5.3.jar
2024-04-18 22:18:49,241 [Worker-36: Launching mavenrun-6d05c51a-635f-4905-a92b-97a1b017fac1] INFO  o.eclipse.m2e.core.internal.Bundles - 	Entry: C:\Users\phant\.p2\pool\plugins\org.eclipse.m2e.maven.runtime_3.9.500.20231113-2345\jars\wagon-provider-api-3.5.3.jar
2024-04-18 22:18:49,245 [Worker-36: Launching mavenrun-6d05c51a-635f-4905-a92b-97a1b017fac1] INFO  o.eclipse.m2e.core.internal.Bundles - getClasspathEntries(Bundle=com.google.guava_32.1.3.jre [12])
2024-04-18 22:18:49,246 [Worker-36: Launching mavenrun-6d05c51a-635f-4905-a92b-97a1b017fac1] INFO  o.eclipse.m2e.core.internal.Bundles - 	Entry: C:\Users\phant\.p2\pool\plugins\com.google.guava_32.1.3.jre.jar
2024-04-18 22:18:49,246 [Worker-36: Launching mavenrun-6d05c51a-635f-4905-a92b-97a1b017fac1] INFO  o.eclipse.m2e.core.internal.Bundles - getClasspathEntries(Bundle=slf4j.api_2.0.12 [986])
2024-04-18 22:18:49,246 [Worker-36: Launching mavenrun-6d05c51a-635f-4905-a92b-97a1b017fac1] INFO  o.eclipse.m2e.core.internal.Bundles - 	Entry: C:\Users\phant\.p2\pool\plugins\slf4j.api_2.0.12.jar
2024-04-18 22:18:49,246 [Worker-36: Launching mavenrun-6d05c51a-635f-4905-a92b-97a1b017fac1] INFO  o.eclipse.m2e.core.internal.Bundles - getClasspathEntries(Bundle=javax.inject_1.0.0.v20091030 [1027])
2024-04-18 22:18:49,247 [Worker-36: Launching mavenrun-6d05c51a-635f-4905-a92b-97a1b017fac1] INFO  o.eclipse.m2e.core.internal.Bundles - 	Entry: C:\Users\phant\.p2\pool\plugins\javax.inject_1.0.0.v20091030.jar
2024-04-18 22:18:49,248 [Worker-36: Launching mavenrun-6d05c51a-635f-4905-a92b-97a1b017fac1] INFO  o.eclipse.m2e.core.internal.Bundles - getClasspathEntries(Bundle=javax.annotation_1.3.5.v20200909-1856 [1026])
2024-04-18 22:18:49,248 [Worker-36: Launching mavenrun-6d05c51a-635f-4905-a92b-97a1b017fac1] INFO  o.eclipse.m2e.core.internal.Bundles - 	Entry: C:\Users\phant\.p2\pool\plugins\javax.annotation_1.3.5.v20200909-1856.jar
2024-04-18 22:18:49,248 [Worker-36: Launching mavenrun-6d05c51a-635f-4905-a92b-97a1b017fac1] INFO  o.eclipse.m2e.core.internal.Bundles - getClasspathEntries(Bundle=org.apache.commons.cli_1.6.0 [71])
2024-04-18 22:18:49,249 [Worker-36: Launching mavenrun-6d05c51a-635f-4905-a92b-97a1b017fac1] INFO  o.eclipse.m2e.core.internal.Bundles - 	Entry: C:\Users\phant\.p2\pool\plugins\org.apache.commons.cli_1.6.0.jar
2024-04-18 22:18:49,249 [Worker-36: Launching mavenrun-6d05c51a-635f-4905-a92b-97a1b017fac1] INFO  o.eclipse.m2e.core.internal.Bundles - getClasspathEntries(Bundle=org.apache.commons.commons-codec_1.16.0 [75])
2024-04-18 22:18:49,249 [Worker-36: Launching mavenrun-6d05c51a-635f-4905-a92b-97a1b017fac1] INFO  o.eclipse.m2e.core.internal.Bundles - 	Entry: C:\Users\phant\.p2\pool\plugins\org.apache.commons.commons-codec_1.16.0.jar
2024-04-18 22:18:49,250 [Worker-36: Launching mavenrun-6d05c51a-635f-4905-a92b-97a1b017fac1] INFO  o.eclipse.m2e.core.internal.Bundles - getClasspathEntries(Bundle=org.apache.commons.lang3_3.13.0 [82])
2024-04-18 22:18:49,250 [Worker-36: Launching mavenrun-6d05c51a-635f-4905-a92b-97a1b017fac1] INFO  o.eclipse.m2e.core.internal.Bundles - 	Entry: C:\Users\phant\.p2\pool\plugins\org.apache.commons.lang3_3.13.0.jar
2024-04-18 22:18:49,250 [Worker-36: Launching mavenrun-6d05c51a-635f-4905-a92b-97a1b017fac1] INFO  o.eclipse.m2e.core.internal.Bundles - getClasspathEntries(Bundle=com.google.guava.failureaccess_1.0.2 [13])
2024-04-18 22:18:49,250 [Worker-36: Launching mavenrun-6d05c51a-635f-4905-a92b-97a1b017fac1] INFO  o.eclipse.m2e.core.internal.Bundles - 	Entry: C:\Users\phant\.p2\pool\plugins\com.google.guava.failureaccess_1.0.2.jar
2024-04-18 22:18:49,256 [Worker-36: Launching mavenrun-6d05c51a-635f-4905-a92b-97a1b017fac1] INFO  o.e.m.i.launch.MavenLaunchDelegate - Run build in "C:\Users\phant\AppData\Local\Temp\m2e-archetypeGenerator12488286221565622532":
2024-04-18 22:18:49,263 [Worker-36: Launching mavenrun-6d05c51a-635f-4905-a92b-97a1b017fac1] INFO  o.e.m.i.launch.MavenLaunchDelegate -  mvn  -DarchetypeGroupId=org.apache.maven.archetypes -DarchetypeArtifactId=maven-archetype-quickstart -DarchetypeVersion=1.1 -DgroupId=learn.hibernate -DartifactId=Hibernate_12 -Dversion=0.0.1-SNAPSHOT -Dpackage=learn.hibernate.Hibernate_12 -DoutputDirectory=C:\TITV\Hibernate -Dstyle.color=always -U archetype:generate
2024-04-18 22:18:59,187 [Worker-32: Creating maven-archetype-quickstart] INFO  o.e.m.c.i.p.ProjectConfigurationManager - Collecting project info '/pom.xml' C:\TITV\Hibernate\Hibernate_12\pom.xml
2024-04-18 22:18:59,997 [Worker-32: Creating maven-archetype-quickstart] INFO  o.e.m.c.i.l.LifecycleMappingFactory - Using org.eclipse.m2e.jdt.JarLifecycleMapping lifecycle mapping for MavenProject: learn.hibernate:Hibernate_12:0.0.1-SNAPSHOT @ C:\TITV\Hibernate\Hibernate_12\pom.xml.
2024-04-18 22:19:00,372 [Worker-32: Creating maven-archetype-quickstart] INFO  o.e.m.j.i.AbstractJavaProjectConfigurator - Adding source folder /Hibernate_12/src/main/java
2024-04-18 22:19:00,372 [Worker-32: Creating maven-archetype-quickstart] INFO  o.e.m.j.i.AbstractJavaProjectConfigurator - Adding resource folder /Hibernate_12/src/main/resources
2024-04-18 22:19:00,375 [Worker-32: Creating maven-archetype-quickstart] INFO  o.e.m.j.i.AbstractJavaProjectConfigurator - Adding source folder /Hibernate_12/src/test/java
2024-04-18 22:19:00,377 [Worker-32: Creating maven-archetype-quickstart] INFO  o.e.m.j.i.AbstractJavaProjectConfigurator - Adding resource folder /Hibernate_12/src/test/resources
2024-04-18 22:19:00,718 [Worker-32: Creating maven-archetype-quickstart] INFO  o.e.m.c.i.p.ProjectConfigurationManager - Imported and configured 1 project(s) in 1 sec
2024-04-18 22:19:01,551 [Worker-35: Building] INFO  o.a.m.s.f.DefaultMavenResourcesFiltering - skip non existing resourceDirectory C:\TITV\Hibernate\Hibernate_12\src\main\resources
2024-04-18 22:19:01,556 [Worker-35: Building] INFO  o.a.m.s.f.DefaultMavenResourcesFiltering - skip non existing resourceDirectory C:\TITV\Hibernate\Hibernate_12\src\test\resources
2024-04-18 22:25:49,350 [Worker-36: Launching Executing install in C__TITV_Hibernate_Hibernate_12] INFO  o.eclipse.m2e.core.internal.Bundles - getClasspathEntries(Bundle=org.eclipse.m2e.maven.runtime_3.9.500.20231113-2345 [626])
2024-04-18 22:25:49,351 [Worker-36: Launching Executing install in C__TITV_Hibernate_Hibernate_12] INFO  o.eclipse.m2e.core.internal.Bundles - 	Entry: C:\Users\phant\.p2\pool\plugins\org.eclipse.m2e.maven.runtime_3.9.500.20231113-2345
2024-04-18 22:25:49,351 [Worker-36: Launching Executing install in C__TITV_Hibernate_Hibernate_12] INFO  o.eclipse.m2e.core.internal.Bundles - 	Entry: C:\Users\phant\.p2\pool\plugins\org.eclipse.m2e.maven.runtime_3.9.500.20231113-2345\jars\aopalliance-1.0.jar
2024-04-18 22:25:49,351 [Worker-36: Launching Executing install in C__TITV_Hibernate_Hibernate_12] INFO  o.eclipse.m2e.core.internal.Bundles - 	Entry: C:\Users\phant\.p2\pool\plugins\org.eclipse.m2e.maven.runtime_3.9.500.20231113-2345\jars\guice-5.1.0.jar
2024-04-18 22:25:49,351 [Worker-36: Launching Executing install in C__TITV_Hibernate_Hibernate_12] INFO  o.eclipse.m2e.core.internal.Bundles - 	Entry: C:\Users\phant\.p2\pool\plugins\org.eclipse.m2e.maven.runtime_3.9.500.20231113-2345\jars\httpclient-4.5.14.jar
2024-04-18 22:25:49,351 [Worker-36: Launching Executing install in C__TITV_Hibernate_Hibernate_12] INFO  o.eclipse.m2e.core.internal.Bundles - 	Entry: C:\Users\phant\.p2\pool\plugins\org.eclipse.m2e.maven.runtime_3.9.500.20231113-2345\jars\httpcore-4.4.16.jar
2024-04-18 22:25:49,352 [Worker-36: Launching Executing install in C__TITV_Hibernate_Hibernate_12] INFO  o.eclipse.m2e.core.internal.Bundles - 	Entry: C:\Users\phant\.p2\pool\plugins\org.eclipse.m2e.maven.runtime_3.9.500.20231113-2345\jars\jansi-2.4.0.jar
2024-04-18 22:25:49,352 [Worker-36: Launching Executing install in C__TITV_Hibernate_Hibernate_12] INFO  o.eclipse.m2e.core.internal.Bundles - 	Entry: C:\Users\phant\.p2\pool\plugins\org.eclipse.m2e.maven.runtime_3.9.500.20231113-2345\jars\jcl-over-slf4j-1.7.36.jar
2024-04-18 22:25:49,352 [Worker-36: Launching Executing install in C__TITV_Hibernate_Hibernate_12] INFO  o.eclipse.m2e.core.internal.Bundles - 	Entry: C:\Users\phant\.p2\pool\plugins\org.eclipse.m2e.maven.runtime_3.9.500.20231113-2345\jars\maven-artifact-3.9.5.jar
2024-04-18 22:25:49,352 [Worker-36: Launching Executing install in C__TITV_Hibernate_Hibernate_12] INFO  o.eclipse.m2e.core.internal.Bundles - 	Entry: C:\Users\phant\.p2\pool\plugins\org.eclipse.m2e.maven.runtime_3.9.500.20231113-2345\jars\maven-builder-support-3.9.5.jar
2024-04-18 22:25:49,352 [Worker-36: Launching Executing install in C__TITV_Hibernate_Hibernate_12] INFO  o.eclipse.m2e.core.internal.Bundles - 	Entry: C:\Users\phant\.p2\pool\plugins\org.eclipse.m2e.maven.runtime_3.9.500.20231113-2345\jars\maven-compat-3.9.5.jar
2024-04-18 22:25:49,352 [Worker-36: Launching Executing install in C__TITV_Hibernate_Hibernate_12] INFO  o.eclipse.m2e.core.internal.Bundles - 	Entry: C:\Users\phant\.p2\pool\plugins\org.eclipse.m2e.maven.runtime_3.9.500.20231113-2345\jars\maven-core-3.9.5.jar
2024-04-18 22:25:49,352 [Worker-36: Launching Executing install in C__TITV_Hibernate_Hibernate_12] INFO  o.eclipse.m2e.core.internal.Bundles - 	Entry: C:\Users\phant\.p2\pool\plugins\org.eclipse.m2e.maven.runtime_3.9.500.20231113-2345\jars\maven-embedder-3.9.5.jar
2024-04-18 22:25:49,352 [Worker-36: Launching Executing install in C__TITV_Hibernate_Hibernate_12] INFO  o.eclipse.m2e.core.internal.Bundles - 	Entry: C:\Users\phant\.p2\pool\plugins\org.eclipse.m2e.maven.runtime_3.9.500.20231113-2345\jars\maven-model-3.9.5.jar
2024-04-18 22:25:49,352 [Worker-36: Launching Executing install in C__TITV_Hibernate_Hibernate_12] INFO  o.eclipse.m2e.core.internal.Bundles - 	Entry: C:\Users\phant\.p2\pool\plugins\org.eclipse.m2e.maven.runtime_3.9.500.20231113-2345\jars\maven-model-builder-3.9.5.jar
2024-04-18 22:25:49,352 [Worker-36: Launching Executing install in C__TITV_Hibernate_Hibernate_12] INFO  o.eclipse.m2e.core.internal.Bundles - 	Entry: C:\Users\phant\.p2\pool\plugins\org.eclipse.m2e.maven.runtime_3.9.500.20231113-2345\jars\maven-plugin-api-3.9.5.jar
2024-04-18 22:25:49,352 [Worker-36: Launching Executing install in C__TITV_Hibernate_Hibernate_12] INFO  o.eclipse.m2e.core.internal.Bundles - 	Entry: C:\Users\phant\.p2\pool\plugins\org.eclipse.m2e.maven.runtime_3.9.500.20231113-2345\jars\maven-repository-metadata-3.9.5.jar
2024-04-18 22:25:49,353 [Worker-36: Launching Executing install in C__TITV_Hibernate_Hibernate_12] INFO  o.eclipse.m2e.core.internal.Bundles - 	Entry: C:\Users\phant\.p2\pool\plugins\org.eclipse.m2e.maven.runtime_3.9.500.20231113-2345\jars\maven-resolver-api-1.9.16.jar
2024-04-18 22:25:49,353 [Worker-36: Launching Executing install in C__TITV_Hibernate_Hibernate_12] INFO  o.eclipse.m2e.core.internal.Bundles - 	Entry: C:\Users\phant\.p2\pool\plugins\org.eclipse.m2e.maven.runtime_3.9.500.20231113-2345\jars\maven-resolver-connector-basic-1.9.16.jar
2024-04-18 22:25:49,353 [Worker-36: Launching Executing install in C__TITV_Hibernate_Hibernate_12] INFO  o.eclipse.m2e.core.internal.Bundles - 	Entry: C:\Users\phant\.p2\pool\plugins\org.eclipse.m2e.maven.runtime_3.9.500.20231113-2345\jars\maven-resolver-impl-1.9.16.jar
2024-04-18 22:25:49,353 [Worker-36: Launching Executing install in C__TITV_Hibernate_Hibernate_12] INFO  o.eclipse.m2e.core.internal.Bundles - 	Entry: C:\Users\phant\.p2\pool\plugins\org.eclipse.m2e.maven.runtime_3.9.500.20231113-2345\jars\maven-resolver-named-locks-1.9.16.jar
2024-04-18 22:25:49,353 [Worker-36: Launching Executing install in C__TITV_Hibernate_Hibernate_12] INFO  o.eclipse.m2e.core.internal.Bundles - 	Entry: C:\Users\phant\.p2\pool\plugins\org.eclipse.m2e.maven.runtime_3.9.500.20231113-2345\jars\maven-resolver-provider-3.9.5.jar
2024-04-18 22:25:49,353 [Worker-36: Launching Executing install in C__TITV_Hibernate_Hibernate_12] INFO  o.eclipse.m2e.core.internal.Bundles - 	Entry: C:\Users\phant\.p2\pool\plugins\org.eclipse.m2e.maven.runtime_3.9.500.20231113-2345\jars\maven-resolver-spi-1.9.16.jar
2024-04-18 22:25:49,353 [Worker-36: Launching Executing install in C__TITV_Hibernate_Hibernate_12] INFO  o.eclipse.m2e.core.internal.Bundles - 	Entry: C:\Users\phant\.p2\pool\plugins\org.eclipse.m2e.maven.runtime_3.9.500.20231113-2345\jars\maven-resolver-transport-file-1.9.16.jar
2024-04-18 22:25:49,353 [Worker-36: Launching Executing install in C__TITV_Hibernate_Hibernate_12] INFO  o.eclipse.m2e.core.internal.Bundles - 	Entry: C:\Users\phant\.p2\pool\plugins\org.eclipse.m2e.maven.runtime_3.9.500.20231113-2345\jars\maven-resolver-transport-http-1.9.16.jar
2024-04-18 22:25:49,353 [Worker-36: Launching Executing install in C__TITV_Hibernate_Hibernate_12] INFO  o.eclipse.m2e.core.internal.Bundles - 	Entry: C:\Users\phant\.p2\pool\plugins\org.eclipse.m2e.maven.runtime_3.9.500.20231113-2345\jars\maven-resolver-transport-wagon-1.9.16.jar
2024-04-18 22:25:49,353 [Worker-36: Launching Executing install in C__TITV_Hibernate_Hibernate_12] INFO  o.eclipse.m2e.core.internal.Bundles - 	Entry: C:\Users\phant\.p2\pool\plugins\org.eclipse.m2e.maven.runtime_3.9.500.20231113-2345\jars\maven-resolver-util-1.9.16.jar
2024-04-18 22:25:49,354 [Worker-36: Launching Executing install in C__TITV_Hibernate_Hibernate_12] INFO  o.eclipse.m2e.core.internal.Bundles - 	Entry: C:\Users\phant\.p2\pool\plugins\org.eclipse.m2e.maven.runtime_3.9.500.20231113-2345\jars\maven-settings-3.9.5.jar
2024-04-18 22:25:49,354 [Worker-36: Launching Executing install in C__TITV_Hibernate_Hibernate_12] INFO  o.eclipse.m2e.core.internal.Bundles - 	Entry: C:\Users\phant\.p2\pool\plugins\org.eclipse.m2e.maven.runtime_3.9.500.20231113-2345\jars\maven-settings-builder-3.9.5.jar
2024-04-18 22:25:49,354 [Worker-36: Launching Executing install in C__TITV_Hibernate_Hibernate_12] INFO  o.eclipse.m2e.core.internal.Bundles - 	Entry: C:\Users\phant\.p2\pool\plugins\org.eclipse.m2e.maven.runtime_3.9.500.20231113-2345\jars\maven-shared-utils-3.3.4.jar
2024-04-18 22:25:49,354 [Worker-36: Launching Executing install in C__TITV_Hibernate_Hibernate_12] INFO  o.eclipse.m2e.core.internal.Bundles - 	Entry: C:\Users\phant\.p2\pool\plugins\org.eclipse.m2e.maven.runtime_3.9.500.20231113-2345\jars\org.eclipse.sisu.inject-0.3.5.jar
2024-04-18 22:25:49,354 [Worker-36: Launching Executing install in C__TITV_Hibernate_Hibernate_12] INFO  o.eclipse.m2e.core.internal.Bundles - 	Entry: C:\Users\phant\.p2\pool\plugins\org.eclipse.m2e.maven.runtime_3.9.500.20231113-2345\jars\org.eclipse.sisu.plexus-0.3.5.jar
2024-04-18 22:25:49,354 [Worker-36: Launching Executing install in C__TITV_Hibernate_Hibernate_12] INFO  o.eclipse.m2e.core.internal.Bundles - 	Entry: C:\Users\phant\.p2\pool\plugins\org.eclipse.m2e.maven.runtime_3.9.500.20231113-2345\jars\plexus-build-api-0.0.7.jar
2024-04-18 22:25:49,354 [Worker-36: Launching Executing install in C__TITV_Hibernate_Hibernate_12] INFO  o.eclipse.m2e.core.internal.Bundles - 	Entry: C:\Users\phant\.p2\pool\plugins\org.eclipse.m2e.maven.runtime_3.9.500.20231113-2345\jars\plexus-cipher-2.0.jar
2024-04-18 22:25:49,354 [Worker-36: Launching Executing install in C__TITV_Hibernate_Hibernate_12] INFO  o.eclipse.m2e.core.internal.Bundles - 	Entry: C:\Users\phant\.p2\pool\plugins\org.eclipse.m2e.maven.runtime_3.9.500.20231113-2345\jars\plexus-classworlds-2.7.0.jar
2024-04-18 22:25:49,355 [Worker-36: Launching Executing install in C__TITV_Hibernate_Hibernate_12] INFO  o.eclipse.m2e.core.internal.Bundles - 	Entry: C:\Users\phant\.p2\pool\plugins\org.eclipse.m2e.maven.runtime_3.9.500.20231113-2345\jars\plexus-component-annotations-2.1.0.jar
2024-04-18 22:25:49,355 [Worker-36: Launching Executing install in C__TITV_Hibernate_Hibernate_12] INFO  o.eclipse.m2e.core.internal.Bundles - 	Entry: C:\Users\phant\.p2\pool\plugins\org.eclipse.m2e.maven.runtime_3.9.500.20231113-2345\jars\plexus-interpolation-1.26.jar
2024-04-18 22:25:49,355 [Worker-36: Launching Executing install in C__TITV_Hibernate_Hibernate_12] INFO  o.eclipse.m2e.core.internal.Bundles - 	Entry: C:\Users\phant\.p2\pool\plugins\org.eclipse.m2e.maven.runtime_3.9.500.20231113-2345\jars\plexus-sec-dispatcher-2.0.jar
2024-04-18 22:25:49,355 [Worker-36: Launching Executing install in C__TITV_Hibernate_Hibernate_12] INFO  o.eclipse.m2e.core.internal.Bundles - 	Entry: C:\Users\phant\.p2\pool\plugins\org.eclipse.m2e.maven.runtime_3.9.500.20231113-2345\jars\plexus-utils-3.5.1.jar
2024-04-18 22:25:49,355 [Worker-36: Launching Executing install in C__TITV_Hibernate_Hibernate_12] INFO  o.eclipse.m2e.core.internal.Bundles - 	Entry: C:\Users\phant\.p2\pool\plugins\org.eclipse.m2e.maven.runtime_3.9.500.20231113-2345\jars\wagon-file-3.5.3.jar
2024-04-18 22:25:49,355 [Worker-36: Launching Executing install in C__TITV_Hibernate_Hibernate_12] INFO  o.eclipse.m2e.core.internal.Bundles - 	Entry: C:\Users\phant\.p2\pool\plugins\org.eclipse.m2e.maven.runtime_3.9.500.20231113-2345\jars\wagon-http-3.5.3.jar
2024-04-18 22:25:49,355 [Worker-36: Launching Executing install in C__TITV_Hibernate_Hibernate_12] INFO  o.eclipse.m2e.core.internal.Bundles - 	Entry: C:\Users\phant\.p2\pool\plugins\org.eclipse.m2e.maven.runtime_3.9.500.20231113-2345\jars\wagon-http-shared-3.5.3.jar
2024-04-18 22:25:49,355 [Worker-36: Launching Executing install in C__TITV_Hibernate_Hibernate_12] INFO  o.eclipse.m2e.core.internal.Bundles - 	Entry: C:\Users\phant\.p2\pool\plugins\org.eclipse.m2e.maven.runtime_3.9.500.20231113-2345\jars\wagon-provider-api-3.5.3.jar
2024-04-18 22:25:49,356 [Worker-36: Launching Executing install in C__TITV_Hibernate_Hibernate_12] INFO  o.eclipse.m2e.core.internal.Bundles - getClasspathEntries(Bundle=com.google.guava_32.1.3.jre [12])
2024-04-18 22:25:49,356 [Worker-36: Launching Executing install in C__TITV_Hibernate_Hibernate_12] INFO  o.eclipse.m2e.core.internal.Bundles - 	Entry: C:\Users\phant\.p2\pool\plugins\com.google.guava_32.1.3.jre.jar
2024-04-18 22:25:49,356 [Worker-36: Launching Executing install in C__TITV_Hibernate_Hibernate_12] INFO  o.eclipse.m2e.core.internal.Bundles - getClasspathEntries(Bundle=slf4j.api_2.0.12 [986])
2024-04-18 22:25:49,356 [Worker-36: Launching Executing install in C__TITV_Hibernate_Hibernate_12] INFO  o.eclipse.m2e.core.internal.Bundles - 	Entry: C:\Users\phant\.p2\pool\plugins\slf4j.api_2.0.12.jar
2024-04-18 22:25:49,356 [Worker-36: Launching Executing install in C__TITV_Hibernate_Hibernate_12] INFO  o.eclipse.m2e.core.internal.Bundles - getClasspathEntries(Bundle=javax.inject_1.0.0.v20091030 [1027])
2024-04-18 22:25:49,356 [Worker-36: Launching Executing install in C__TITV_Hibernate_Hibernate_12] INFO  o.eclipse.m2e.core.internal.Bundles - 	Entry: C:\Users\phant\.p2\pool\plugins\javax.inject_1.0.0.v20091030.jar
2024-04-18 22:25:49,356 [Worker-36: Launching Executing install in C__TITV_Hibernate_Hibernate_12] INFO  o.eclipse.m2e.core.internal.Bundles - getClasspathEntries(Bundle=javax.annotation_1.3.5.v20200909-1856 [1026])
2024-04-18 22:25:49,357 [Worker-36: Launching Executing install in C__TITV_Hibernate_Hibernate_12] INFO  o.eclipse.m2e.core.internal.Bundles - 	Entry: C:\Users\phant\.p2\pool\plugins\javax.annotation_1.3.5.v20200909-1856.jar
2024-04-18 22:25:49,357 [Worker-36: Launching Executing install in C__TITV_Hibernate_Hibernate_12] INFO  o.eclipse.m2e.core.internal.Bundles - getClasspathEntries(Bundle=org.apache.commons.cli_1.6.0 [71])
2024-04-18 22:25:49,357 [Worker-36: Launching Executing install in C__TITV_Hibernate_Hibernate_12] INFO  o.eclipse.m2e.core.internal.Bundles - 	Entry: C:\Users\phant\.p2\pool\plugins\org.apache.commons.cli_1.6.0.jar
2024-04-18 22:25:49,357 [Worker-36: Launching Executing install in C__TITV_Hibernate_Hibernate_12] INFO  o.eclipse.m2e.core.internal.Bundles - getClasspathEntries(Bundle=org.apache.commons.commons-codec_1.16.0 [75])
2024-04-18 22:25:49,357 [Worker-36: Launching Executing install in C__TITV_Hibernate_Hibernate_12] INFO  o.eclipse.m2e.core.internal.Bundles - 	Entry: C:\Users\phant\.p2\pool\plugins\org.apache.commons.commons-codec_1.16.0.jar
2024-04-18 22:25:49,357 [Worker-36: Launching Executing install in C__TITV_Hibernate_Hibernate_12] INFO  o.eclipse.m2e.core.internal.Bundles - getClasspathEntries(Bundle=org.apache.commons.lang3_3.13.0 [82])
2024-04-18 22:25:49,358 [Worker-36: Launching Executing install in C__TITV_Hibernate_Hibernate_12] INFO  o.eclipse.m2e.core.internal.Bundles - 	Entry: C:\Users\phant\.p2\pool\plugins\org.apache.commons.lang3_3.13.0.jar
2024-04-18 22:25:49,358 [Worker-36: Launching Executing install in C__TITV_Hibernate_Hibernate_12] INFO  o.eclipse.m2e.core.internal.Bundles - getClasspathEntries(Bundle=com.google.guava.failureaccess_1.0.2 [13])
2024-04-18 22:25:49,358 [Worker-36: Launching Executing install in C__TITV_Hibernate_Hibernate_12] INFO  o.eclipse.m2e.core.internal.Bundles - 	Entry: C:\Users\phant\.p2\pool\plugins\com.google.guava.failureaccess_1.0.2.jar
2024-04-18 22:25:49,359 [Worker-36: Launching Executing install in C__TITV_Hibernate_Hibernate_12] INFO  o.e.m.i.launch.MavenLaunchDelegate - Run build in "C:\TITV\Hibernate\Hibernate_12":
2024-04-18 22:25:49,360 [Worker-36: Launching Executing install in C__TITV_Hibernate_Hibernate_12] INFO  o.e.m.i.launch.MavenLaunchDelegate -  mvn  -B -Dstyle.color=always install
2024-04-18 22:26:50,523 [Worker-41: Updating Maven Project] INFO  o.e.m.c.i.p.ProjectConfigurationManager - Update started
2024-04-18 22:26:50,722 [Worker-41: Updating Maven Project] INFO  o.e.m.c.i.l.LifecycleMappingFactory - Using org.eclipse.m2e.jdt.JarLifecycleMapping lifecycle mapping for MavenProject: learn.hibernate:Hibernate_12:0.0.1-SNAPSHOT @ C:\TITV\Hibernate\Hibernate_12\pom.xml.
2024-04-18 22:26:50,958 [Worker-41: Updating Maven Project] INFO  o.e.m.j.i.AbstractJavaProjectConfigurator - Adding source folder /Hibernate_12/src/main/java
2024-04-18 22:26:50,958 [Worker-41: Updating Maven Project] INFO  o.e.m.j.i.AbstractJavaProjectConfigurator - Adding resource folder /Hibernate_12/src/main/resources
2024-04-18 22:26:50,959 [Worker-41: Updating Maven Project] INFO  o.e.m.j.i.AbstractJavaProjectConfigurator - Adding source folder /Hibernate_12/src/test/java
2024-04-18 22:26:50,959 [Worker-41: Updating Maven Project] INFO  o.e.m.j.i.AbstractJavaProjectConfigurator - Adding resource folder /Hibernate_12/src/test/resources
2024-04-18 22:26:51,082 [Worker-41: Updating Maven Project] INFO  o.e.m.c.i.p.ProjectConfigurationManager - Update completed for 1 poms: local refresh takes 0.00 sec, refresh facades takes 0.00 sec, update config takes 0.00 sec 
2024-04-18 22:26:51,253 [Worker-41: Building] INFO  o.a.m.s.f.DefaultMavenResourcesFiltering - skip non existing resourceDirectory C:\TITV\Hibernate\Hibernate_12\src\main\resources
2024-04-18 22:26:51,256 [Worker-41: Building] INFO  o.a.m.s.f.DefaultMavenResourcesFiltering - skip non existing resourceDirectory C:\TITV\Hibernate\Hibernate_12\src\test\resources
2024-04-18 22:27:10,321 [Worker-39: Building] INFO  o.e.m.c.i.l.LifecycleMappingFactory - Using org.eclipse.m2e.jdt.JarLifecycleMapping lifecycle mapping for MavenProject: learn.hibernate:Hibernate_12:0.0.1-SNAPSHOT @ C:\TITV\Hibernate\Hibernate_12\pom.xml.
2024-04-18 22:27:11,150 [Worker-39: Building] INFO  o.e.m.c.i.e.AbstractTransferListenerAdapter - Downloading https://repo.maven.apache.org/maven2/com/google/protobuf/protobuf-java/3.25.1/protobuf-java-3.25.1.pom
2024-04-18 22:27:11,174 [Worker-39: Building] INFO  o.e.m.c.i.e.AbstractTransferListenerAdapter - Downloaded https://repo.maven.apache.org/maven2/com/google/protobuf/protobuf-java/3.25.1/protobuf-java-3.25.1.pom
2024-04-18 22:27:11,341 [Worker-39: Building] INFO  o.e.m.c.i.e.AbstractTransferListenerAdapter - Downloading https://repo.maven.apache.org/maven2/com/google/protobuf/protobuf-parent/3.25.1/protobuf-parent-3.25.1.pom
2024-04-18 22:27:11,359 [Worker-39: Building] INFO  o.e.m.c.i.e.AbstractTransferListenerAdapter - Downloaded https://repo.maven.apache.org/maven2/com/google/protobuf/protobuf-parent/3.25.1/protobuf-parent-3.25.1.pom
2024-04-18 22:27:11,525 [Worker-39: Building] INFO  o.e.m.c.i.e.AbstractTransferListenerAdapter - Downloading https://repo.maven.apache.org/maven2/com/google/protobuf/protobuf-bom/3.25.1/protobuf-bom-3.25.1.pom
2024-04-18 22:27:11,533 [Worker-39: Building] INFO  o.e.m.c.i.e.AbstractTransferListenerAdapter - Downloaded https://repo.maven.apache.org/maven2/com/google/protobuf/protobuf-bom/3.25.1/protobuf-bom-3.25.1.pom
2024-04-18 22:27:11,713 [Worker-39: Building] INFO  o.e.m.c.i.e.AbstractTransferListenerAdapter - Downloading https://repo.maven.apache.org/maven2/com/google/protobuf/protobuf-java/3.25.1/protobuf-java-3.25.1.jar
2024-04-18 22:27:12,517 [Worker-39: Building] INFO  o.e.m.c.i.e.AbstractTransferListenerAdapter - Downloaded https://repo.maven.apache.org/maven2/com/google/protobuf/protobuf-java/3.25.1/protobuf-java-3.25.1.jar
2024-04-18 22:27:12,629 [Worker-39: Building] INFO  o.a.m.s.f.DefaultMavenResourcesFiltering - skip non existing resourceDirectory C:\TITV\Hibernate\Hibernate_12\src\main\resources
2024-04-18 22:27:12,632 [Worker-39: Building] INFO  o.a.m.s.f.DefaultMavenResourcesFiltering - skip non existing resourceDirectory C:\TITV\Hibernate\Hibernate_12\src\test\resources
2024-04-18 22:27:13,262 [Worker-42: Updating Maven Dependencies] INFO  o.e.m.c.i.l.LifecycleMappingFactory - Using org.eclipse.m2e.jdt.JarLifecycleMapping lifecycle mapping for MavenProject: learn.hibernate:Hibernate_12:0.0.1-SNAPSHOT @ C:\TITV\Hibernate\Hibernate_12\pom.xml.
2024-04-18 22:27:14,219 [Worker-33: Download sources and javadoc] INFO  o.e.m.c.i.e.AbstractTransferListenerAdapter - Downloading https://repo.maven.apache.org/maven2/com/mysql/mysql-connector-j/8.3.0/mysql-connector-j-8.3.0-sources.jar
2024-04-18 22:27:15,374 [Worker-33: Download sources and javadoc] INFO  o.e.m.c.i.e.AbstractTransferListenerAdapter - Downloaded https://repo.maven.apache.org/maven2/com/mysql/mysql-connector-j/8.3.0/mysql-connector-j-8.3.0-sources.jar
2024-04-18 22:27:15,376 [Worker-33: Download sources and javadoc] INFO  o.e.m.j.internal.DownloadSourcesJob - Downloaded sources for com.mysql:mysql-connector-j:8.3.0
2024-04-18 22:27:15,974 [Worker-33: Download sources and javadoc] INFO  o.e.m.c.i.e.AbstractTransferListenerAdapter - Downloading https://repo.maven.apache.org/maven2/com/google/protobuf/protobuf-java/3.25.1/protobuf-java-3.25.1-sources.jar
2024-04-18 22:27:16,797 [Worker-33: Download sources and javadoc] INFO  o.e.m.c.i.e.AbstractTransferListenerAdapter - Downloaded https://repo.maven.apache.org/maven2/com/google/protobuf/protobuf-java/3.25.1/protobuf-java-3.25.1-sources.jar
2024-04-18 22:27:16,802 [Worker-33: Download sources and javadoc] INFO  o.e.m.j.internal.DownloadSourcesJob - Downloaded sources for com.google.protobuf:protobuf-java:3.25.1
2024-04-18 22:40:40,348 [Worker-48: Building] INFO  o.a.m.s.f.DefaultMavenResourcesFiltering - skip non existing resourceDirectory C:\TITV\Hibernate\Hibernate_12\src\main\resources
2024-04-18 22:40:40,353 [Worker-48: Building] INFO  o.a.m.s.f.DefaultMavenResourcesFiltering - skip non existing resourceDirectory C:\TITV\Hibernate\Hibernate_12\src\test\resources
2024-04-18 22:40:57,408 [Worker-48: Building] INFO  o.a.m.s.f.DefaultMavenResourcesFiltering - skip non existing resourceDirectory C:\TITV\Hibernate\Hibernate_12\src\main\resources
2024-04-18 22:40:57,411 [Worker-48: Building] INFO  o.a.m.s.f.DefaultMavenResourcesFiltering - skip non existing resourceDirectory C:\TITV\Hibernate\Hibernate_12\src\test\resources
2024-04-18 22:44:39,373 [Worker-46: Building] INFO  o.a.m.s.f.DefaultMavenResourcesFiltering - skip non existing resourceDirectory C:\TITV\Hibernate\Hibernate_12\src\main\resources
2024-04-18 22:44:39,375 [Worker-46: Building] INFO  o.a.m.s.f.DefaultMavenResourcesFiltering - skip non existing resourceDirectory C:\TITV\Hibernate\Hibernate_12\src\test\resources
2024-04-18 22:44:45,945 [Worker-46: Building] INFO  o.a.m.s.f.DefaultMavenResourcesFiltering - skip non existing resourceDirectory C:\TITV\Hibernate\Hibernate_12\src\main\resources
2024-04-18 22:44:45,947 [Worker-46: Building] INFO  o.a.m.s.f.DefaultMavenResourcesFiltering - skip non existing resourceDirectory C:\TITV\Hibernate\Hibernate_12\src\test\resources
2024-04-18 22:45:00,344 [Worker-49: Building] INFO  o.a.m.s.f.DefaultMavenResourcesFiltering - skip non existing resourceDirectory C:\TITV\Hibernate\Hibernate_12\src\main\resources
2024-04-18 22:45:00,345 [Worker-49: Building] INFO  o.a.m.s.f.DefaultMavenResourcesFiltering - skip non existing resourceDirectory C:\TITV\Hibernate\Hibernate_12\src\test\resources
2024-04-18 22:47:15,492 [Worker-46: Building] INFO  o.a.m.s.f.DefaultMavenResourcesFiltering - skip non existing resourceDirectory C:\TITV\Hibernate\Hibernate_12\src\main\resources
2024-04-18 22:47:15,494 [Worker-46: Building] INFO  o.a.m.s.f.DefaultMavenResourcesFiltering - skip non existing resourceDirectory C:\TITV\Hibernate\Hibernate_12\src\test\resources
2024-04-18 22:48:18,128 [main] INFO  org.hibernate.cfg.Environment - Hibernate 3.5.6-Final
2024-04-18 22:48:18,133 [main] INFO  org.hibernate.cfg.Environment - hibernate.properties not found
2024-04-18 22:48:18,136 [main] INFO  org.hibernate.cfg.Environment - Bytecode provider name : javassist
2024-04-18 22:48:18,141 [main] INFO  org.hibernate.cfg.Environment - using JDK 1.4 java.sql.Timestamp handling
2024-04-18 22:52:05,255 [Worker-47: Building] INFO  o.a.m.s.f.DefaultMavenResourcesFiltering - skip non existing resourceDirectory C:\TITV\Hibernate\Hibernate_12\src\main\resources
2024-04-18 22:52:05,257 [Worker-47: Building] INFO  o.a.m.s.f.DefaultMavenResourcesFiltering - skip non existing resourceDirectory C:\TITV\Hibernate\Hibernate_12\src\test\resources
2024-04-18 22:55:40,706 [Worker-52: Building] INFO  o.a.m.s.f.DefaultMavenResourcesFiltering - skip non existing resourceDirectory C:\TITV\Hibernate\Hibernate_12\src\main\resources
2024-04-18 22:55:40,712 [Worker-52: Building] INFO  o.a.m.s.f.DefaultMavenResourcesFiltering - skip non existing resourceDirectory C:\TITV\Hibernate\Hibernate_12\src\test\resources
2024-04-18 22:56:29,529 [Worker-54: Building] INFO  o.a.m.s.f.DefaultMavenResourcesFiltering - skip non existing resourceDirectory C:\TITV\Hibernate\Hibernate_12\src\main\resources
2024-04-18 22:56:29,531 [Worker-54: Building] INFO  o.a.m.s.f.DefaultMavenResourcesFiltering - skip non existing resourceDirectory C:\TITV\Hibernate\Hibernate_12\src\test\resources
2024-04-18 23:01:36,663 [Worker-52: Building] INFO  o.a.m.s.f.DefaultMavenResourcesFiltering - skip non existing resourceDirectory C:\TITV\Hibernate\Hibernate_12\src\main\resources
2024-04-18 23:01:36,665 [Worker-52: Building] INFO  o.a.m.s.f.DefaultMavenResourcesFiltering - skip non existing resourceDirectory C:\TITV\Hibernate\Hibernate_12\src\test\resources
2024-04-18 23:02:04,449 [Worker-55: Building] INFO  o.a.m.s.f.DefaultMavenResourcesFiltering - skip non existing resourceDirectory C:\TITV\Hibernate\Hibernate_12\src\main\resources
2024-04-18 23:02:04,451 [Worker-55: Building] INFO  o.a.m.s.f.DefaultMavenResourcesFiltering - skip non existing resourceDirectory C:\TITV\Hibernate\Hibernate_12\src\test\resources
2024-04-18 23:05:52,886 [Worker-52: Building] INFO  o.a.m.s.f.DefaultMavenResourcesFiltering - skip non existing resourceDirectory C:\TITV\Hibernate\Hibernate_12\src\main\resources
2024-04-18 23:05:52,888 [Worker-52: Building] INFO  o.a.m.s.f.DefaultMavenResourcesFiltering - skip non existing resourceDirectory C:\TITV\Hibernate\Hibernate_12\src\test\resources
2024-04-18 23:06:17,568 [Worker-52: Building] INFO  o.a.m.s.f.DefaultMavenResourcesFiltering - skip non existing resourceDirectory C:\TITV\Hibernate\Hibernate_12\src\main\resources
2024-04-18 23:06:17,569 [Worker-52: Building] INFO  o.a.m.s.f.DefaultMavenResourcesFiltering - skip non existing resourceDirectory C:\TITV\Hibernate\Hibernate_12\src\test\resources
2024-04-19 08:15:27,657 [Worker-4: Loading available Gradle versions] INFO  o.e.b.c.i.u.g.PublishedGradleVersions - Gradle version information cache is up-to-date. Trying to read.
2024-04-19 08:15:51,020 [Worker-27: Building] INFO  o.a.m.s.f.DefaultMavenResourcesFiltering - skip non existing resourceDirectory C:\TITV\Hibernate\Hibernate_12\src\main\resources
2024-04-19 08:15:51,024 [Worker-27: Building] INFO  o.a.m.s.f.DefaultMavenResourcesFiltering - skip non existing resourceDirectory C:\TITV\Hibernate\Hibernate_12\src\test\resources
2024-04-19 08:16:21,342 [Worker-27: Building] INFO  o.a.m.s.f.DefaultMavenResourcesFiltering - skip non existing resourceDirectory C:\TITV\Hibernate\Hibernate_12\src\main\resources
2024-04-19 08:16:21,347 [Worker-27: Building] INFO  o.a.m.s.f.DefaultMavenResourcesFiltering - skip non existing resourceDirectory C:\TITV\Hibernate\Hibernate_12\src\test\resources
2024-04-19 08:18:02,639 [Worker-33: Building] INFO  o.a.m.s.f.DefaultMavenResourcesFiltering - skip non existing resourceDirectory C:\TITV\Hibernate\Hibernate_12\src\main\resources
2024-04-19 08:18:02,641 [Worker-33: Building] INFO  o.a.m.s.f.DefaultMavenResourcesFiltering - skip non existing resourceDirectory C:\TITV\Hibernate\Hibernate_12\src\test\resources
2024-04-19 08:18:48,559 [Worker-6: Building] INFO  o.a.m.s.f.DefaultMavenResourcesFiltering - skip non existing resourceDirectory C:\TITV\Hibernate\Hibernate_12\src\main\resources
2024-04-19 08:18:48,561 [Worker-6: Building] INFO  o.a.m.s.f.DefaultMavenResourcesFiltering - skip non existing resourceDirectory C:\TITV\Hibernate\Hibernate_12\src\test\resources
2024-04-19 08:19:29,392 [Worker-19: Building] INFO  o.a.m.s.f.DefaultMavenResourcesFiltering - skip non existing resourceDirectory C:\TITV\Hibernate\Hibernate_12\src\main\resources
2024-04-19 08:19:29,393 [Worker-19: Building] INFO  o.a.m.s.f.DefaultMavenResourcesFiltering - skip non existing resourceDirectory C:\TITV\Hibernate\Hibernate_12\src\test\resources
2024-04-19 08:19:56,181 [Worker-29: Building] INFO  o.a.m.s.f.DefaultMavenResourcesFiltering - skip non existing resourceDirectory C:\TITV\Hibernate\Hibernate_12\src\main\resources
2024-04-19 08:19:56,183 [Worker-29: Building] INFO  o.a.m.s.f.DefaultMavenResourcesFiltering - skip non existing resourceDirectory C:\TITV\Hibernate\Hibernate_12\src\test\resources
2024-04-19 08:22:25,619 [Worker-26: Building] INFO  o.a.m.s.f.DefaultMavenResourcesFiltering - skip non existing resourceDirectory C:\TITV\Hibernate\Hibernate_12\src\main\resources
2024-04-19 08:22:25,621 [Worker-26: Building] INFO  o.a.m.s.f.DefaultMavenResourcesFiltering - skip non existing resourceDirectory C:\TITV\Hibernate\Hibernate_12\src\test\resources
2024-04-19 08:26:24,596 [Worker-28: Building] INFO  o.a.m.s.f.DefaultMavenResourcesFiltering - skip non existing resourceDirectory C:\TITV\Hibernate\Hibernate_12\src\main\resources
2024-04-19 08:26:24,597 [Worker-28: Building] INFO  o.a.m.s.f.DefaultMavenResourcesFiltering - skip non existing resourceDirectory C:\TITV\Hibernate\Hibernate_12\src\test\resources
2024-04-19 08:26:38,697 [Worker-2: Building] INFO  o.a.m.s.f.DefaultMavenResourcesFiltering - skip non existing resourceDirectory C:\TITV\Hibernate\Hibernate_12\src\main\resources
2024-04-19 08:26:38,699 [Worker-2: Building] INFO  o.a.m.s.f.DefaultMavenResourcesFiltering - skip non existing resourceDirectory C:\TITV\Hibernate\Hibernate_12\src\test\resources
2024-04-19 08:27:23,343 [Worker-11: Building] INFO  o.a.m.s.f.DefaultMavenResourcesFiltering - skip non existing resourceDirectory C:\TITV\Hibernate\Hibernate_12\src\main\resources
2024-04-19 08:27:23,345 [Worker-11: Building] INFO  o.a.m.s.f.DefaultMavenResourcesFiltering - skip non existing resourceDirectory C:\TITV\Hibernate\Hibernate_12\src\test\resources
2024-04-19 08:27:46,270 [Worker-22: Building] INFO  o.a.m.s.f.DefaultMavenResourcesFiltering - skip non existing resourceDirectory C:\TITV\Hibernate\Hibernate_12\src\main\resources
2024-04-19 08:27:46,272 [Worker-22: Building] INFO  o.a.m.s.f.DefaultMavenResourcesFiltering - skip non existing resourceDirectory C:\TITV\Hibernate\Hibernate_12\src\test\resources
2024-04-19 08:27:51,268 [Worker-6: Building] INFO  o.a.m.s.f.DefaultMavenResourcesFiltering - skip non existing resourceDirectory C:\TITV\Hibernate\Hibernate_12\src\main\resources
2024-04-19 08:27:51,269 [Worker-6: Building] INFO  o.a.m.s.f.DefaultMavenResourcesFiltering - skip non existing resourceDirectory C:\TITV\Hibernate\Hibernate_12\src\test\resources
2024-04-19 08:28:29,578 [Worker-16: Building] INFO  o.a.m.s.f.DefaultMavenResourcesFiltering - skip non existing resourceDirectory C:\TITV\Hibernate\Hibernate_12\src\main\resources
2024-04-19 08:28:29,580 [Worker-16: Building] INFO  o.a.m.s.f.DefaultMavenResourcesFiltering - skip non existing resourceDirectory C:\TITV\Hibernate\Hibernate_12\src\test\resources
2024-04-19 08:31:29,128 [Worker-2: Launching TestCat] INFO  o.a.m.s.f.DefaultMavenResourcesFiltering - skip non existing resourceDirectory C:\TITV\Hibernate\Hibernate_12\src\main\resources
2024-04-19 08:31:29,136 [Worker-2: Launching TestCat] INFO  o.a.m.s.f.DefaultMavenResourcesFiltering - skip non existing resourceDirectory C:\TITV\Hibernate\Hibernate_12\src\test\resources
2024-04-19 08:32:24,308 [Worker-20: Building] INFO  o.a.m.s.f.DefaultMavenResourcesFiltering - skip non existing resourceDirectory C:\TITV\Hibernate\Hibernate_12\src\main\resources
2024-04-19 08:32:24,309 [Worker-20: Building] INFO  o.a.m.s.f.DefaultMavenResourcesFiltering - skip non existing resourceDirectory C:\TITV\Hibernate\Hibernate_12\src\test\resources
2024-04-19 08:32:54,825 [Worker-18: Building] INFO  o.a.m.s.f.DefaultMavenResourcesFiltering - skip non existing resourceDirectory C:\TITV\Hibernate\Hibernate_12\src\main\resources
2024-04-19 08:32:54,826 [Worker-18: Building] INFO  o.a.m.s.f.DefaultMavenResourcesFiltering - skip non existing resourceDirectory C:\TITV\Hibernate\Hibernate_12\src\test\resources
2024-04-19 08:33:39,973 [Worker-18: Building] INFO  o.a.m.s.f.DefaultMavenResourcesFiltering - skip non existing resourceDirectory C:\TITV\Hibernate\Hibernate_12\src\main\resources
2024-04-19 08:33:39,974 [Worker-18: Building] INFO  o.a.m.s.f.DefaultMavenResourcesFiltering - skip non existing resourceDirectory C:\TITV\Hibernate\Hibernate_12\src\test\resources
2024-04-19 08:33:53,130 [Worker-16: Building] INFO  o.a.m.s.f.DefaultMavenResourcesFiltering - skip non existing resourceDirectory C:\TITV\Hibernate\Hibernate_12\src\main\resources
2024-04-19 08:33:53,131 [Worker-16: Building] INFO  o.a.m.s.f.DefaultMavenResourcesFiltering - skip non existing resourceDirectory C:\TITV\Hibernate\Hibernate_12\src\test\resources
2024-04-19 08:34:30,331 [Worker-9: Building] INFO  o.a.m.s.f.DefaultMavenResourcesFiltering - skip non existing resourceDirectory C:\TITV\Hibernate\Hibernate_12\src\main\resources
2024-04-19 08:34:30,332 [Worker-9: Building] INFO  o.a.m.s.f.DefaultMavenResourcesFiltering - skip non existing resourceDirectory C:\TITV\Hibernate\Hibernate_12\src\test\resources
2024-04-19 08:34:40,108 [Worker-18: Building] INFO  o.a.m.s.f.DefaultMavenResourcesFiltering - skip non existing resourceDirectory C:\TITV\Hibernate\Hibernate_12\src\main\resources
2024-04-19 08:34:40,110 [Worker-18: Building] INFO  o.a.m.s.f.DefaultMavenResourcesFiltering - skip non existing resourceDirectory C:\TITV\Hibernate\Hibernate_12\src\test\resources
2024-04-19 08:34:43,339 [Worker-14: Building] INFO  o.a.m.s.f.DefaultMavenResourcesFiltering - skip non existing resourceDirectory C:\TITV\Hibernate\Hibernate_12\src\main\resources
2024-04-19 08:34:43,342 [Worker-14: Building] INFO  o.a.m.s.f.DefaultMavenResourcesFiltering - skip non existing resourceDirectory C:\TITV\Hibernate\Hibernate_12\src\test\resources
2024-04-19 08:35:42,327 [Worker-29: Building] INFO  o.a.m.s.f.DefaultMavenResourcesFiltering - skip non existing resourceDirectory C:\TITV\Hibernate\Hibernate_12\src\main\resources
2024-04-19 08:35:42,328 [Worker-29: Building] INFO  o.a.m.s.f.DefaultMavenResourcesFiltering - skip non existing resourceDirectory C:\TITV\Hibernate\Hibernate_12\src\test\resources
2024-04-19 08:36:03,083 [Worker-8: Building] INFO  o.a.m.s.f.DefaultMavenResourcesFiltering - skip non existing resourceDirectory C:\TITV\Hibernate\Hibernate_12\src\main\resources
2024-04-19 08:36:03,084 [Worker-8: Building] INFO  o.a.m.s.f.DefaultMavenResourcesFiltering - skip non existing resourceDirectory C:\TITV\Hibernate\Hibernate_12\src\test\resources
2024-04-19 09:10:26,555 [Worker-37: Building] INFO  o.a.m.s.f.DefaultMavenResourcesFiltering - skip non existing resourceDirectory C:\TITV\Hibernate\Hibernate_12\src\main\resources
2024-04-19 09:10:26,557 [Worker-37: Building] INFO  o.a.m.s.f.DefaultMavenResourcesFiltering - skip non existing resourceDirectory C:\TITV\Hibernate\Hibernate_12\src\test\resources
2024-04-19 09:15:23,185 [Worker-37: Building] INFO  o.a.m.s.f.DefaultMavenResourcesFiltering - skip non existing resourceDirectory C:\TITV\Hibernate\Hibernate_12\src\main\resources
2024-04-19 09:15:23,187 [Worker-37: Building] INFO  o.a.m.s.f.DefaultMavenResourcesFiltering - skip non existing resourceDirectory C:\TITV\Hibernate\Hibernate_12\src\test\resources
2024-04-19 09:15:29,152 [Worker-39: Building] INFO  o.a.m.s.f.DefaultMavenResourcesFiltering - skip non existing resourceDirectory C:\TITV\Hibernate\Hibernate_12\src\main\resources
2024-04-19 09:15:29,153 [Worker-39: Building] INFO  o.a.m.s.f.DefaultMavenResourcesFiltering - skip non existing resourceDirectory C:\TITV\Hibernate\Hibernate_12\src\test\resources
2024-04-19 09:15:45,325 [Worker-38: Building] INFO  o.a.m.s.f.DefaultMavenResourcesFiltering - skip non existing resourceDirectory C:\TITV\Hibernate\Hibernate_12\src\main\resources
2024-04-19 09:15:45,327 [Worker-38: Building] INFO  o.a.m.s.f.DefaultMavenResourcesFiltering - skip non existing resourceDirectory C:\TITV\Hibernate\Hibernate_12\src\test\resources
2024-04-19 09:18:54,332 [Worker-39: Building] INFO  o.a.m.s.f.DefaultMavenResourcesFiltering - skip non existing resourceDirectory C:\TITV\Hibernate\Hibernate_12\src\main\resources
2024-04-19 09:18:54,334 [Worker-39: Building] INFO  o.a.m.s.f.DefaultMavenResourcesFiltering - skip non existing resourceDirectory C:\TITV\Hibernate\Hibernate_12\src\test\resources
2024-04-19 09:19:28,273 [Worker-18: Launching TestSelectById] INFO  o.a.m.s.f.DefaultMavenResourcesFiltering - skip non existing resourceDirectory C:\TITV\Hibernate\Hibernate_12\src\main\resources
2024-04-19 09:19:28,281 [Worker-18: Launching TestSelectById] INFO  o.a.m.s.f.DefaultMavenResourcesFiltering - skip non existing resourceDirectory C:\TITV\Hibernate\Hibernate_12\src\test\resources
2024-04-19 09:26:46,131 [Worker-42: Building] INFO  o.a.m.s.f.DefaultMavenResourcesFiltering - skip non existing resourceDirectory C:\TITV\Hibernate\Hibernate_12\src\main\resources
2024-04-19 09:26:46,133 [Worker-42: Building] INFO  o.a.m.s.f.DefaultMavenResourcesFiltering - skip non existing resourceDirectory C:\TITV\Hibernate\Hibernate_12\src\test\resources
2024-04-19 09:27:01,884 [Worker-38: Building] INFO  o.a.m.s.f.DefaultMavenResourcesFiltering - skip non existing resourceDirectory C:\TITV\Hibernate\Hibernate_12\src\main\resources
2024-04-19 09:27:01,885 [Worker-38: Building] INFO  o.a.m.s.f.DefaultMavenResourcesFiltering - skip non existing resourceDirectory C:\TITV\Hibernate\Hibernate_12\src\test\resources
2024-04-19 09:27:17,504 [Worker-43: Building] INFO  o.a.m.s.f.DefaultMavenResourcesFiltering - skip non existing resourceDirectory C:\TITV\Hibernate\Hibernate_12\src\main\resources
2024-04-19 09:27:17,506 [Worker-43: Building] INFO  o.a.m.s.f.DefaultMavenResourcesFiltering - skip non existing resourceDirectory C:\TITV\Hibernate\Hibernate_12\src\test\resources
2024-04-19 09:29:55,113 [Worker-42: Building] INFO  o.a.m.s.f.DefaultMavenResourcesFiltering - skip non existing resourceDirectory C:\TITV\Hibernate\Hibernate_12\src\main\resources
2024-04-19 09:29:55,114 [Worker-42: Building] INFO  o.a.m.s.f.DefaultMavenResourcesFiltering - skip non existing resourceDirectory C:\TITV\Hibernate\Hibernate_12\src\test\resources
2024-04-19 09:31:18,749 [Worker-44: Building] INFO  o.a.m.s.f.DefaultMavenResourcesFiltering - skip non existing resourceDirectory C:\TITV\Hibernate\Hibernate_12\src\main\resources
2024-04-19 09:31:18,751 [Worker-44: Building] INFO  o.a.m.s.f.DefaultMavenResourcesFiltering - skip non existing resourceDirectory C:\TITV\Hibernate\Hibernate_12\src\test\resources
2024-04-19 09:32:01,062 [Worker-38: Building] INFO  o.a.m.s.f.DefaultMavenResourcesFiltering - skip non existing resourceDirectory C:\TITV\Hibernate\Hibernate_12\src\main\resources
2024-04-19 09:32:01,064 [Worker-38: Building] INFO  o.a.m.s.f.DefaultMavenResourcesFiltering - skip non existing resourceDirectory C:\TITV\Hibernate\Hibernate_12\src\test\resources
2024-04-19 09:33:04,256 [Worker-44: Building] INFO  o.a.m.s.f.DefaultMavenResourcesFiltering - skip non existing resourceDirectory C:\TITV\Hibernate\Hibernate_12\src\main\resources
2024-04-19 09:33:04,257 [Worker-44: Building] INFO  o.a.m.s.f.DefaultMavenResourcesFiltering - skip non existing resourceDirectory C:\TITV\Hibernate\Hibernate_12\src\test\resources
2024-04-19 09:33:38,684 [Worker-44: Building] INFO  o.a.m.s.f.DefaultMavenResourcesFiltering - skip non existing resourceDirectory C:\TITV\Hibernate\Hibernate_12\src\main\resources
2024-04-19 09:33:38,685 [Worker-44: Building] INFO  o.a.m.s.f.DefaultMavenResourcesFiltering - skip non existing resourceDirectory C:\TITV\Hibernate\Hibernate_12\src\test\resources
2024-04-19 09:34:13,493 [Worker-42: Building] INFO  o.a.m.s.f.DefaultMavenResourcesFiltering - skip non existing resourceDirectory C:\TITV\Hibernate\Hibernate_12\src\main\resources
2024-04-19 09:34:13,496 [Worker-42: Building] INFO  o.a.m.s.f.DefaultMavenResourcesFiltering - skip non existing resourceDirectory C:\TITV\Hibernate\Hibernate_12\src\test\resources
2024-04-19 09:34:59,850 [Worker-43: Launching TestDelete] INFO  o.a.m.s.f.DefaultMavenResourcesFiltering - skip non existing resourceDirectory C:\TITV\Hibernate\Hibernate_12\src\main\resources
2024-04-19 09:34:59,854 [Worker-43: Launching TestDelete] INFO  o.a.m.s.f.DefaultMavenResourcesFiltering - skip non existing resourceDirectory C:\TITV\Hibernate\Hibernate_12\src\test\resources
2024-04-19 10:46:36,888 [Worker-57: Building] INFO  o.e.m.c.i.l.LifecycleMappingFactory - Using org.eclipse.m2e.jdt.JarLifecycleMapping lifecycle mapping for MavenProject: learn.hibernate:Hibernate_12:0.0.1-SNAPSHOT @ C:\TITV\Hibernate\Hibernate_14\pom.xml.
2024-04-19 10:46:37,282 [Worker-57: Building] INFO  o.a.m.s.f.DefaultMavenResourcesFiltering - skip non existing resourceDirectory C:\TITV\Hibernate\Hibernate_14\src\main\resources
2024-04-19 10:46:37,286 [Worker-57: Building] INFO  o.a.m.s.f.DefaultMavenResourcesFiltering - skip non existing resourceDirectory C:\TITV\Hibernate\Hibernate_14\src\test\resources
2024-04-19 10:46:43,872 [Worker-55: Launching Executing install in C__TITV_Hibernate_Hibernate_14] INFO  o.eclipse.m2e.core.internal.Bundles - getClasspathEntries(Bundle=org.eclipse.m2e.maven.runtime_3.9.500.20231113-2345 [626])
2024-04-19 10:46:43,875 [Worker-55: Launching Executing install in C__TITV_Hibernate_Hibernate_14] INFO  o.eclipse.m2e.core.internal.Bundles - 	Entry: C:\Users\phant\.p2\pool\plugins\org.eclipse.m2e.maven.runtime_3.9.500.20231113-2345
2024-04-19 10:46:43,876 [Worker-55: Launching Executing install in C__TITV_Hibernate_Hibernate_14] INFO  o.eclipse.m2e.core.internal.Bundles - 	Entry: C:\Users\phant\.p2\pool\plugins\org.eclipse.m2e.maven.runtime_3.9.500.20231113-2345\jars\aopalliance-1.0.jar
2024-04-19 10:46:43,877 [Worker-55: Launching Executing install in C__TITV_Hibernate_Hibernate_14] INFO  o.eclipse.m2e.core.internal.Bundles - 	Entry: C:\Users\phant\.p2\pool\plugins\org.eclipse.m2e.maven.runtime_3.9.500.20231113-2345\jars\guice-5.1.0.jar
2024-04-19 10:46:43,877 [Worker-55: Launching Executing install in C__TITV_Hibernate_Hibernate_14] INFO  o.eclipse.m2e.core.internal.Bundles - 	Entry: C:\Users\phant\.p2\pool\plugins\org.eclipse.m2e.maven.runtime_3.9.500.20231113-2345\jars\httpclient-4.5.14.jar
2024-04-19 10:46:43,877 [Worker-55: Launching Executing install in C__TITV_Hibernate_Hibernate_14] INFO  o.eclipse.m2e.core.internal.Bundles - 	Entry: C:\Users\phant\.p2\pool\plugins\org.eclipse.m2e.maven.runtime_3.9.500.20231113-2345\jars\httpcore-4.4.16.jar
2024-04-19 10:46:43,877 [Worker-55: Launching Executing install in C__TITV_Hibernate_Hibernate_14] INFO  o.eclipse.m2e.core.internal.Bundles - 	Entry: C:\Users\phant\.p2\pool\plugins\org.eclipse.m2e.maven.runtime_3.9.500.20231113-2345\jars\jansi-2.4.0.jar
2024-04-19 10:46:43,877 [Worker-55: Launching Executing install in C__TITV_Hibernate_Hibernate_14] INFO  o.eclipse.m2e.core.internal.Bundles - 	Entry: C:\Users\phant\.p2\pool\plugins\org.eclipse.m2e.maven.runtime_3.9.500.20231113-2345\jars\jcl-over-slf4j-1.7.36.jar
2024-04-19 10:46:43,877 [Worker-55: Launching Executing install in C__TITV_Hibernate_Hibernate_14] INFO  o.eclipse.m2e.core.internal.Bundles - 	Entry: C:\Users\phant\.p2\pool\plugins\org.eclipse.m2e.maven.runtime_3.9.500.20231113-2345\jars\maven-artifact-3.9.5.jar
2024-04-19 10:46:43,877 [Worker-55: Launching Executing install in C__TITV_Hibernate_Hibernate_14] INFO  o.eclipse.m2e.core.internal.Bundles - 	Entry: C:\Users\phant\.p2\pool\plugins\org.eclipse.m2e.maven.runtime_3.9.500.20231113-2345\jars\maven-builder-support-3.9.5.jar
2024-04-19 10:46:43,878 [Worker-55: Launching Executing install in C__TITV_Hibernate_Hibernate_14] INFO  o.eclipse.m2e.core.internal.Bundles - 	Entry: C:\Users\phant\.p2\pool\plugins\org.eclipse.m2e.maven.runtime_3.9.500.20231113-2345\jars\maven-compat-3.9.5.jar
2024-04-19 10:46:43,878 [Worker-55: Launching Executing install in C__TITV_Hibernate_Hibernate_14] INFO  o.eclipse.m2e.core.internal.Bundles - 	Entry: C:\Users\phant\.p2\pool\plugins\org.eclipse.m2e.maven.runtime_3.9.500.20231113-2345\jars\maven-core-3.9.5.jar
2024-04-19 10:46:43,878 [Worker-55: Launching Executing install in C__TITV_Hibernate_Hibernate_14] INFO  o.eclipse.m2e.core.internal.Bundles - 	Entry: C:\Users\phant\.p2\pool\plugins\org.eclipse.m2e.maven.runtime_3.9.500.20231113-2345\jars\maven-embedder-3.9.5.jar
2024-04-19 10:46:43,878 [Worker-55: Launching Executing install in C__TITV_Hibernate_Hibernate_14] INFO  o.eclipse.m2e.core.internal.Bundles - 	Entry: C:\Users\phant\.p2\pool\plugins\org.eclipse.m2e.maven.runtime_3.9.500.20231113-2345\jars\maven-model-3.9.5.jar
2024-04-19 10:46:43,879 [Worker-55: Launching Executing install in C__TITV_Hibernate_Hibernate_14] INFO  o.eclipse.m2e.core.internal.Bundles - 	Entry: C:\Users\phant\.p2\pool\plugins\org.eclipse.m2e.maven.runtime_3.9.500.20231113-2345\jars\maven-model-builder-3.9.5.jar
2024-04-19 10:46:43,879 [Worker-55: Launching Executing install in C__TITV_Hibernate_Hibernate_14] INFO  o.eclipse.m2e.core.internal.Bundles - 	Entry: C:\Users\phant\.p2\pool\plugins\org.eclipse.m2e.maven.runtime_3.9.500.20231113-2345\jars\maven-plugin-api-3.9.5.jar
2024-04-19 10:46:43,879 [Worker-55: Launching Executing install in C__TITV_Hibernate_Hibernate_14] INFO  o.eclipse.m2e.core.internal.Bundles - 	Entry: C:\Users\phant\.p2\pool\plugins\org.eclipse.m2e.maven.runtime_3.9.500.20231113-2345\jars\maven-repository-metadata-3.9.5.jar
2024-04-19 10:46:43,879 [Worker-55: Launching Executing install in C__TITV_Hibernate_Hibernate_14] INFO  o.eclipse.m2e.core.internal.Bundles - 	Entry: C:\Users\phant\.p2\pool\plugins\org.eclipse.m2e.maven.runtime_3.9.500.20231113-2345\jars\maven-resolver-api-1.9.16.jar
2024-04-19 10:46:43,879 [Worker-55: Launching Executing install in C__TITV_Hibernate_Hibernate_14] INFO  o.eclipse.m2e.core.internal.Bundles - 	Entry: C:\Users\phant\.p2\pool\plugins\org.eclipse.m2e.maven.runtime_3.9.500.20231113-2345\jars\maven-resolver-connector-basic-1.9.16.jar
2024-04-19 10:46:43,880 [Worker-55: Launching Executing install in C__TITV_Hibernate_Hibernate_14] INFO  o.eclipse.m2e.core.internal.Bundles - 	Entry: C:\Users\phant\.p2\pool\plugins\org.eclipse.m2e.maven.runtime_3.9.500.20231113-2345\jars\maven-resolver-impl-1.9.16.jar
2024-04-19 10:46:43,880 [Worker-55: Launching Executing install in C__TITV_Hibernate_Hibernate_14] INFO  o.eclipse.m2e.core.internal.Bundles - 	Entry: C:\Users\phant\.p2\pool\plugins\org.eclipse.m2e.maven.runtime_3.9.500.20231113-2345\jars\maven-resolver-named-locks-1.9.16.jar
2024-04-19 10:46:43,880 [Worker-55: Launching Executing install in C__TITV_Hibernate_Hibernate_14] INFO  o.eclipse.m2e.core.internal.Bundles - 	Entry: C:\Users\phant\.p2\pool\plugins\org.eclipse.m2e.maven.runtime_3.9.500.20231113-2345\jars\maven-resolver-provider-3.9.5.jar
2024-04-19 10:46:43,881 [Worker-55: Launching Executing install in C__TITV_Hibernate_Hibernate_14] INFO  o.eclipse.m2e.core.internal.Bundles - 	Entry: C:\Users\phant\.p2\pool\plugins\org.eclipse.m2e.maven.runtime_3.9.500.20231113-2345\jars\maven-resolver-spi-1.9.16.jar
2024-04-19 10:46:43,881 [Worker-55: Launching Executing install in C__TITV_Hibernate_Hibernate_14] INFO  o.eclipse.m2e.core.internal.Bundles - 	Entry: C:\Users\phant\.p2\pool\plugins\org.eclipse.m2e.maven.runtime_3.9.500.20231113-2345\jars\maven-resolver-transport-file-1.9.16.jar
2024-04-19 10:46:43,881 [Worker-55: Launching Executing install in C__TITV_Hibernate_Hibernate_14] INFO  o.eclipse.m2e.core.internal.Bundles - 	Entry: C:\Users\phant\.p2\pool\plugins\org.eclipse.m2e.maven.runtime_3.9.500.20231113-2345\jars\maven-resolver-transport-http-1.9.16.jar
2024-04-19 10:46:43,881 [Worker-55: Launching Executing install in C__TITV_Hibernate_Hibernate_14] INFO  o.eclipse.m2e.core.internal.Bundles - 	Entry: C:\Users\phant\.p2\pool\plugins\org.eclipse.m2e.maven.runtime_3.9.500.20231113-2345\jars\maven-resolver-transport-wagon-1.9.16.jar
2024-04-19 10:46:43,881 [Worker-55: Launching Executing install in C__TITV_Hibernate_Hibernate_14] INFO  o.eclipse.m2e.core.internal.Bundles - 	Entry: C:\Users\phant\.p2\pool\plugins\org.eclipse.m2e.maven.runtime_3.9.500.20231113-2345\jars\maven-resolver-util-1.9.16.jar
2024-04-19 10:46:43,881 [Worker-55: Launching Executing install in C__TITV_Hibernate_Hibernate_14] INFO  o.eclipse.m2e.core.internal.Bundles - 	Entry: C:\Users\phant\.p2\pool\plugins\org.eclipse.m2e.maven.runtime_3.9.500.20231113-2345\jars\maven-settings-3.9.5.jar
2024-04-19 10:46:43,881 [Worker-55: Launching Executing install in C__TITV_Hibernate_Hibernate_14] INFO  o.eclipse.m2e.core.internal.Bundles - 	Entry: C:\Users\phant\.p2\pool\plugins\org.eclipse.m2e.maven.runtime_3.9.500.20231113-2345\jars\maven-settings-builder-3.9.5.jar
2024-04-19 10:46:43,881 [Worker-55: Launching Executing install in C__TITV_Hibernate_Hibernate_14] INFO  o.eclipse.m2e.core.internal.Bundles - 	Entry: C:\Users\phant\.p2\pool\plugins\org.eclipse.m2e.maven.runtime_3.9.500.20231113-2345\jars\maven-shared-utils-3.3.4.jar
2024-04-19 10:46:43,881 [Worker-55: Launching Executing install in C__TITV_Hibernate_Hibernate_14] INFO  o.eclipse.m2e.core.internal.Bundles - 	Entry: C:\Users\phant\.p2\pool\plugins\org.eclipse.m2e.maven.runtime_3.9.500.20231113-2345\jars\org.eclipse.sisu.inject-0.3.5.jar
2024-04-19 10:46:43,882 [Worker-55: Launching Executing install in C__TITV_Hibernate_Hibernate_14] INFO  o.eclipse.m2e.core.internal.Bundles - 	Entry: C:\Users\phant\.p2\pool\plugins\org.eclipse.m2e.maven.runtime_3.9.500.20231113-2345\jars\org.eclipse.sisu.plexus-0.3.5.jar
2024-04-19 10:46:43,882 [Worker-55: Launching Executing install in C__TITV_Hibernate_Hibernate_14] INFO  o.eclipse.m2e.core.internal.Bundles - 	Entry: C:\Users\phant\.p2\pool\plugins\org.eclipse.m2e.maven.runtime_3.9.500.20231113-2345\jars\plexus-build-api-0.0.7.jar
2024-04-19 10:46:43,882 [Worker-55: Launching Executing install in C__TITV_Hibernate_Hibernate_14] INFO  o.eclipse.m2e.core.internal.Bundles - 	Entry: C:\Users\phant\.p2\pool\plugins\org.eclipse.m2e.maven.runtime_3.9.500.20231113-2345\jars\plexus-cipher-2.0.jar
2024-04-19 10:46:43,882 [Worker-55: Launching Executing install in C__TITV_Hibernate_Hibernate_14] INFO  o.eclipse.m2e.core.internal.Bundles - 	Entry: C:\Users\phant\.p2\pool\plugins\org.eclipse.m2e.maven.runtime_3.9.500.20231113-2345\jars\plexus-classworlds-2.7.0.jar
2024-04-19 10:46:43,882 [Worker-55: Launching Executing install in C__TITV_Hibernate_Hibernate_14] INFO  o.eclipse.m2e.core.internal.Bundles - 	Entry: C:\Users\phant\.p2\pool\plugins\org.eclipse.m2e.maven.runtime_3.9.500.20231113-2345\jars\plexus-component-annotations-2.1.0.jar
2024-04-19 10:46:43,882 [Worker-55: Launching Executing install in C__TITV_Hibernate_Hibernate_14] INFO  o.eclipse.m2e.core.internal.Bundles - 	Entry: C:\Users\phant\.p2\pool\plugins\org.eclipse.m2e.maven.runtime_3.9.500.20231113-2345\jars\plexus-interpolation-1.26.jar
2024-04-19 10:46:43,882 [Worker-55: Launching Executing install in C__TITV_Hibernate_Hibernate_14] INFO  o.eclipse.m2e.core.internal.Bundles - 	Entry: C:\Users\phant\.p2\pool\plugins\org.eclipse.m2e.maven.runtime_3.9.500.20231113-2345\jars\plexus-sec-dispatcher-2.0.jar
2024-04-19 10:46:43,883 [Worker-55: Launching Executing install in C__TITV_Hibernate_Hibernate_14] INFO  o.eclipse.m2e.core.internal.Bundles - 	Entry: C:\Users\phant\.p2\pool\plugins\org.eclipse.m2e.maven.runtime_3.9.500.20231113-2345\jars\plexus-utils-3.5.1.jar
2024-04-19 10:46:43,883 [Worker-55: Launching Executing install in C__TITV_Hibernate_Hibernate_14] INFO  o.eclipse.m2e.core.internal.Bundles - 	Entry: C:\Users\phant\.p2\pool\plugins\org.eclipse.m2e.maven.runtime_3.9.500.20231113-2345\jars\wagon-file-3.5.3.jar
2024-04-19 10:46:43,883 [Worker-55: Launching Executing install in C__TITV_Hibernate_Hibernate_14] INFO  o.eclipse.m2e.core.internal.Bundles - 	Entry: C:\Users\phant\.p2\pool\plugins\org.eclipse.m2e.maven.runtime_3.9.500.20231113-2345\jars\wagon-http-3.5.3.jar
2024-04-19 10:46:43,883 [Worker-55: Launching Executing install in C__TITV_Hibernate_Hibernate_14] INFO  o.eclipse.m2e.core.internal.Bundles - 	Entry: C:\Users\phant\.p2\pool\plugins\org.eclipse.m2e.maven.runtime_3.9.500.20231113-2345\jars\wagon-http-shared-3.5.3.jar
2024-04-19 10:46:43,883 [Worker-55: Launching Executing install in C__TITV_Hibernate_Hibernate_14] INFO  o.eclipse.m2e.core.internal.Bundles - 	Entry: C:\Users\phant\.p2\pool\plugins\org.eclipse.m2e.maven.runtime_3.9.500.20231113-2345\jars\wagon-provider-api-3.5.3.jar
2024-04-19 10:46:43,884 [Worker-55: Launching Executing install in C__TITV_Hibernate_Hibernate_14] INFO  o.eclipse.m2e.core.internal.Bundles - getClasspathEntries(Bundle=com.google.guava_32.1.3.jre [12])
2024-04-19 10:46:43,885 [Worker-55: Launching Executing install in C__TITV_Hibernate_Hibernate_14] INFO  o.eclipse.m2e.core.internal.Bundles - 	Entry: C:\Users\phant\.p2\pool\plugins\com.google.guava_32.1.3.jre.jar
2024-04-19 10:46:43,885 [Worker-55: Launching Executing install in C__TITV_Hibernate_Hibernate_14] INFO  o.eclipse.m2e.core.internal.Bundles - getClasspathEntries(Bundle=slf4j.api_2.0.12 [986])
2024-04-19 10:46:43,886 [Worker-55: Launching Executing install in C__TITV_Hibernate_Hibernate_14] INFO  o.eclipse.m2e.core.internal.Bundles - 	Entry: C:\Users\phant\.p2\pool\plugins\slf4j.api_2.0.12.jar
2024-04-19 10:46:43,886 [Worker-55: Launching Executing install in C__TITV_Hibernate_Hibernate_14] INFO  o.eclipse.m2e.core.internal.Bundles - getClasspathEntries(Bundle=javax.inject_1.0.0.v20091030 [1027])
2024-04-19 10:46:43,886 [Worker-55: Launching Executing install in C__TITV_Hibernate_Hibernate_14] INFO  o.eclipse.m2e.core.internal.Bundles - 	Entry: C:\Users\phant\.p2\pool\plugins\javax.inject_1.0.0.v20091030.jar
2024-04-19 10:46:43,886 [Worker-55: Launching Executing install in C__TITV_Hibernate_Hibernate_14] INFO  o.eclipse.m2e.core.internal.Bundles - getClasspathEntries(Bundle=javax.annotation_1.3.5.v20200909-1856 [1026])
2024-04-19 10:46:43,886 [Worker-55: Launching Executing install in C__TITV_Hibernate_Hibernate_14] INFO  o.eclipse.m2e.core.internal.Bundles - 	Entry: C:\Users\phant\.p2\pool\plugins\javax.annotation_1.3.5.v20200909-1856.jar
2024-04-19 10:46:43,886 [Worker-55: Launching Executing install in C__TITV_Hibernate_Hibernate_14] INFO  o.eclipse.m2e.core.internal.Bundles - getClasspathEntries(Bundle=org.apache.commons.cli_1.6.0 [71])
2024-04-19 10:46:43,887 [Worker-55: Launching Executing install in C__TITV_Hibernate_Hibernate_14] INFO  o.eclipse.m2e.core.internal.Bundles - 	Entry: C:\Users\phant\.p2\pool\plugins\org.apache.commons.cli_1.6.0.jar
2024-04-19 10:46:43,887 [Worker-55: Launching Executing install in C__TITV_Hibernate_Hibernate_14] INFO  o.eclipse.m2e.core.internal.Bundles - getClasspathEntries(Bundle=org.apache.commons.commons-codec_1.16.0 [75])
2024-04-19 10:46:43,887 [Worker-55: Launching Executing install in C__TITV_Hibernate_Hibernate_14] INFO  o.eclipse.m2e.core.internal.Bundles - 	Entry: C:\Users\phant\.p2\pool\plugins\org.apache.commons.commons-codec_1.16.0.jar
2024-04-19 10:46:43,887 [Worker-55: Launching Executing install in C__TITV_Hibernate_Hibernate_14] INFO  o.eclipse.m2e.core.internal.Bundles - getClasspathEntries(Bundle=org.apache.commons.lang3_3.13.0 [82])
2024-04-19 10:46:43,888 [Worker-55: Launching Executing install in C__TITV_Hibernate_Hibernate_14] INFO  o.eclipse.m2e.core.internal.Bundles - 	Entry: C:\Users\phant\.p2\pool\plugins\org.apache.commons.lang3_3.13.0.jar
2024-04-19 10:46:43,888 [Worker-55: Launching Executing install in C__TITV_Hibernate_Hibernate_14] INFO  o.eclipse.m2e.core.internal.Bundles - getClasspathEntries(Bundle=com.google.guava.failureaccess_1.0.2 [13])
2024-04-19 10:46:43,888 [Worker-55: Launching Executing install in C__TITV_Hibernate_Hibernate_14] INFO  o.eclipse.m2e.core.internal.Bundles - 	Entry: C:\Users\phant\.p2\pool\plugins\com.google.guava.failureaccess_1.0.2.jar
2024-04-19 10:46:43,891 [Worker-55: Launching Executing install in C__TITV_Hibernate_Hibernate_14] INFO  o.e.m.i.launch.MavenLaunchDelegate - Run build in "C:\TITV\Hibernate\Hibernate_14":
2024-04-19 10:46:43,891 [Worker-55: Launching Executing install in C__TITV_Hibernate_Hibernate_14] INFO  o.e.m.i.launch.MavenLaunchDelegate -  mvn  -B -Dstyle.color=always install
2024-04-19 10:47:00,593 [Worker-52: Updating Maven Project] INFO  o.e.m.c.i.p.ProjectConfigurationManager - Update started
2024-04-19 10:47:00,835 [Worker-52: Updating Maven Project] INFO  o.e.m.c.i.l.LifecycleMappingFactory - Using org.eclipse.m2e.jdt.JarLifecycleMapping lifecycle mapping for MavenProject: learn.hibernate:Hibernate_12:0.0.1-SNAPSHOT @ C:\TITV\Hibernate\Hibernate_14\pom.xml.
2024-04-19 10:47:01,364 [Worker-52: Updating Maven Project] INFO  o.e.m.j.i.AbstractJavaProjectConfigurator - Adding source folder /Hibernate_14/src/main/java
2024-04-19 10:47:01,365 [Worker-52: Updating Maven Project] INFO  o.e.m.j.i.AbstractJavaProjectConfigurator - Adding resource folder /Hibernate_14/src/main/resources
2024-04-19 10:47:01,367 [Worker-52: Updating Maven Project] INFO  o.e.m.j.i.AbstractJavaProjectConfigurator - Adding source folder /Hibernate_14/src/test/java
2024-04-19 10:47:01,367 [Worker-52: Updating Maven Project] INFO  o.e.m.j.i.AbstractJavaProjectConfigurator - Adding resource folder /Hibernate_14/src/test/resources
2024-04-19 10:47:01,843 [Worker-52: Updating Maven Project] INFO  o.e.m.c.i.p.ProjectConfigurationManager - Update completed for 1 poms: local refresh takes 0.00 sec, refresh facades takes 0.00 sec, update config takes 0.00 sec 
2024-04-19 10:47:02,293 [Worker-57: Building] INFO  o.a.m.s.f.DefaultMavenResourcesFiltering - skip non existing resourceDirectory C:\TITV\Hibernate\Hibernate_14\src\main\resources
2024-04-19 10:47:02,298 [Worker-57: Building] INFO  o.a.m.s.f.DefaultMavenResourcesFiltering - skip non existing resourceDirectory C:\TITV\Hibernate\Hibernate_14\src\test\resources
2024-04-19 10:48:18,065 [Worker-55: Building] INFO  o.a.m.s.f.DefaultMavenResourcesFiltering - skip non existing resourceDirectory C:\TITV\Hibernate\Hibernate_14\src\main\resources
2024-04-19 10:48:18,069 [Worker-55: Building] INFO  o.a.m.s.f.DefaultMavenResourcesFiltering - skip non existing resourceDirectory C:\TITV\Hibernate\Hibernate_14\src\test\resources
2024-04-19 10:48:19,137 [Worker-55: Building] INFO  o.a.m.s.f.DefaultMavenResourcesFiltering - skip non existing resourceDirectory C:\TITV\Hibernate\Hibernate_14\src\main\resources
2024-04-19 10:48:19,138 [Worker-55: Building] INFO  o.a.m.s.f.DefaultMavenResourcesFiltering - skip non existing resourceDirectory C:\TITV\Hibernate\Hibernate_14\src\test\resources
2024-04-19 10:48:31,975 [Worker-56: Building] INFO  o.a.m.s.f.DefaultMavenResourcesFiltering - skip non existing resourceDirectory C:\TITV\Hibernate\Hibernate_14\src\main\resources
2024-04-19 10:48:31,978 [Worker-56: Building] INFO  o.a.m.s.f.DefaultMavenResourcesFiltering - skip non existing resourceDirectory C:\TITV\Hibernate\Hibernate_14\src\test\resources
2024-04-19 10:49:13,481 [Worker-57: Building] INFO  o.a.m.s.f.DefaultMavenResourcesFiltering - skip non existing resourceDirectory C:\TITV\Hibernate\Hibernate_14\src\main\resources
2024-04-19 10:49:13,484 [Worker-57: Building] INFO  o.a.m.s.f.DefaultMavenResourcesFiltering - skip non existing resourceDirectory C:\TITV\Hibernate\Hibernate_14\src\test\resources
2024-04-19 10:50:16,170 [Worker-58: Building] INFO  o.a.m.s.f.DefaultMavenResourcesFiltering - skip non existing resourceDirectory C:\TITV\Hibernate\Hibernate_14\src\main\resources
2024-04-19 10:50:16,172 [Worker-58: Building] INFO  o.a.m.s.f.DefaultMavenResourcesFiltering - skip non existing resourceDirectory C:\TITV\Hibernate\Hibernate_14\src\test\resources
2024-04-19 10:50:39,920 [Worker-56: Building] INFO  o.a.m.s.f.DefaultMavenResourcesFiltering - skip non existing resourceDirectory C:\TITV\Hibernate\Hibernate_14\src\main\resources
2024-04-19 10:50:39,921 [Worker-56: Building] INFO  o.a.m.s.f.DefaultMavenResourcesFiltering - skip non existing resourceDirectory C:\TITV\Hibernate\Hibernate_14\src\test\resources
2024-04-19 10:51:01,978 [Worker-57: Building] INFO  o.a.m.s.f.DefaultMavenResourcesFiltering - skip non existing resourceDirectory C:\TITV\Hibernate\Hibernate_14\src\main\resources
2024-04-19 10:51:01,979 [Worker-57: Building] INFO  o.a.m.s.f.DefaultMavenResourcesFiltering - skip non existing resourceDirectory C:\TITV\Hibernate\Hibernate_14\src\test\resources
2024-04-19 10:54:15,125 [Worker-61: Building] INFO  o.a.m.s.f.DefaultMavenResourcesFiltering - skip non existing resourceDirectory C:\TITV\Hibernate\Hibernate_14\src\main\resources
2024-04-19 10:54:15,126 [Worker-61: Building] INFO  o.a.m.s.f.DefaultMavenResourcesFiltering - skip non existing resourceDirectory C:\TITV\Hibernate\Hibernate_14\src\test\resources
2024-04-19 10:54:47,237 [Worker-57: Launching TestInsert (1)] INFO  o.a.m.s.f.DefaultMavenResourcesFiltering - skip non existing resourceDirectory C:\TITV\Hibernate\Hibernate_14\src\main\resources
2024-04-19 10:54:47,242 [Worker-57: Launching TestInsert (1)] INFO  o.a.m.s.f.DefaultMavenResourcesFiltering - skip non existing resourceDirectory C:\TITV\Hibernate\Hibernate_14\src\test\resources
